#
# There is insufficient memory for the Java Runtime Environment to continue.
# Native memory allocation (malloc) failed to allocate 2421136 bytes. Error detail: Chunk::new
# Possible reasons:
#   The system is out of physical RAM or swap space
#   This process is running with CompressedOops enabled, and the Java Heap may be blocking the growth of the native heap
# Possible solutions:
#   Reduce memory load on the system
#   Increase physical memory or swap space
#   Check if swap backing store is full
#   Decrease Java heap size (-Xmx/-Xms)
#   Decrease number of Java threads
#   Decrease Java thread stack sizes (-Xss)
#   Set larger code cache with -XX:ReservedCodeCacheSize=
#   JVM is running with Unscaled Compressed Oops mode in which the Java heap is
#     placed in the first 4GB address space. The Java Heap base address is the
#     maximum limit for the native heap growth. Please use -XX:HeapBaseMinAddress
#     to set the Java Heap base and to place the Java Heap above 4GB virtual address.
# This output file may be truncated or incomplete.
#
#  Out of Memory Error (arena.cpp:168), pid=22184, tid=23096
#
# JRE version: OpenJDK Runtime Environment Temurin-21.0.8+9 (21.0.8+9) (build 21.0.8+9-LTS)
# Java VM: OpenJDK 64-Bit Server VM Temurin-21.0.8+9 (21.0.8+9-LTS, mixed mode, sharing, tiered, compressed oops, compressed class ptrs, parallel gc, windows-amd64)
# No core dump will be written. Minidumps are not enabled by default on client versions of Windows
#

---------------  S U M M A R Y ------------

Command Line: --add-modules=ALL-SYSTEM --add-opens=java.base/java.util=ALL-UNNAMED --add-opens=java.base/java.lang=ALL-UNNAMED --add-opens=java.base/sun.nio.fs=ALL-UNNAMED -Declipse.application=org.eclipse.jdt.ls.core.id1 -Dosgi.bundles.defaultStartLevel=4 -Declipse.product=org.eclipse.jdt.ls.core.product -Djava.import.generatesMetadataFilesAtProjectRoot=false -DDetectVMInstallationsJob.disabled=true -Dfile.encoding=utf8 -XX:+UseParallelGC -XX:GCTimeRatio=4 -XX:AdaptiveSizePolicyWeight=90 -Dsun.zip.disableMemoryMapping=true -Xmx2G -Xms100m -Xlog:disable -javaagent:c:\Users\elvia\.vscode\extensions\redhat.java-1.45.0-win32-x64\lombok\lombok-1.18.39-4050.jar -XX:+HeapDumpOnOutOfMemoryError -XX:HeapDumpPath=c:\Users\elvia\AppData\Roaming\Code\User\workspaceStorage\d9b0343f0cd8a68769fed1784d2f9a62\redhat.java -Daether.dependencyCollector.impl=bf c:\Users\elvia\.vscode\extensions\redhat.java-1.45.0-win32-x64\server\plugins\org.eclipse.equinox.launcher_1.7.0.v20250519-0528.jar -configuration c:\Users\elvia\AppData\Roaming\Code\User\globalStorage\redhat.java\1.45.0\config_win -data c:\Users\elvia\AppData\Roaming\Code\User\workspaceStorage\d9b0343f0cd8a68769fed1784d2f9a62\redhat.java\jdt_ws --pipe=\\.\pipe\lsp-f2eb9e257cc49d9ef461670fc249d2ac-sock

Host: AMD Ryzen 5 5625U with Radeon Graphics         , 12 cores, 7G,  Windows 11 , 64 bit Build 26100 (10.0.26100.4768)
Time: Mon Sep 15 19:47:38 2025 Hora est. Pacífico, Sudamérica elapsed time: 10.168130 seconds (0d 0h 0m 10s)

---------------  T H R E A D  ---------------

Current thread (0x000001895893ffa0):  JavaThread "C2 CompilerThread1" daemon [_thread_in_native, id=23096, stack(0x0000006e62400000,0x0000006e62500000) (1024K)]


Current CompileTask:
C2:10168 7372 %     4       org.lombokweb.asm.ClassReader::readCode @ 2037 (5117 bytes)

Stack: [0x0000006e62400000,0x0000006e62500000]
Native frames: (J=compiled Java code, j=interpreted, Vv=VM code, C=native code)
V  [jvm.dll+0x6d2449]
V  [jvm.dll+0x8ae341]
V  [jvm.dll+0x8b08be]
V  [jvm.dll+0x8b0fa3]
V  [jvm.dll+0x280c96]
V  [jvm.dll+0xc581d]
V  [jvm.dll+0xc5d53]
V  [jvm.dll+0x3b9162]
V  [jvm.dll+0x1e1409]
V  [jvm.dll+0x249022]
V  [jvm.dll+0x2484af]
V  [jvm.dll+0x1c89ee]
V  [jvm.dll+0x257d4d]
V  [jvm.dll+0x2562ea]
V  [jvm.dll+0x3f2d16]
V  [jvm.dll+0x857e6b]
V  [jvm.dll+0x6d0b0d]
C  [ucrtbase.dll+0x37b0]
C  [KERNEL32.DLL+0x2e8d7]
C  [ntdll.dll+0x3c34c]


---------------  P R O C E S S  ---------------

Threads class SMR info:
_java_thread_list=0x000001895ad10890, length=56, elements={
0x000001897622bb30, 0x00000189560044b0, 0x0000018956005610, 0x0000018956006480,
0x00000189560070d0, 0x000001895600a040, 0x00000189560105f0, 0x000001895601e9b0,
0x0000018956032940, 0x0000018956117010, 0x00000189563479e0, 0x0000018956c4df70,
0x0000018956f98920, 0x0000018956bcc9d0, 0x0000018956bdba30, 0x0000018957064d80,
0x00000189571c5ed0, 0x00000189572e9f40, 0x00000189572eac60, 0x00000189572e8b90,
0x00000189572eb980, 0x000001895893ffa0, 0x00000189572ec010, 0x00000189572ea5d0,
0x00000189572e9220, 0x0000018958443e40, 0x0000018958442400, 0x0000018958442a90,
0x00000189584451f0, 0x00000189584444d0, 0x0000018958441d70, 0x0000018958445880,
0x0000018958444b60, 0x0000018958445f10, 0x00000189584465a0, 0x0000018958443120,
0x0000018958446c30, 0x00000189584437b0, 0x0000018958447950, 0x0000018958448670,
0x00000189584472c0, 0x0000018958448d00, 0x0000018958449390, 0x0000018958447fe0,
0x000001895afe7af0, 0x000001895afe6dd0, 0x000001895afe8180, 0x000001895afe8810,
0x000001895afe9530, 0x000001895afe8ea0, 0x000001895afe9bc0, 0x000001895afea250,
0x000001895afea8e0, 0x0000018959aa5b60, 0x000001895afe7460, 0x000001895afed040
}

Java Threads: ( => current thread )
  0x000001897622bb30 JavaThread "main"                              [_thread_blocked, id=23164, stack(0x0000006e61700000,0x0000006e61800000) (1024K)]
  0x00000189560044b0 JavaThread "Reference Handler"          daemon [_thread_blocked, id=24112, stack(0x0000006e61b00000,0x0000006e61c00000) (1024K)]
  0x0000018956005610 JavaThread "Finalizer"                  daemon [_thread_blocked, id=13060, stack(0x0000006e61c00000,0x0000006e61d00000) (1024K)]
  0x0000018956006480 JavaThread "Signal Dispatcher"          daemon [_thread_blocked, id=13868, stack(0x0000006e61d00000,0x0000006e61e00000) (1024K)]
  0x00000189560070d0 JavaThread "Attach Listener"            daemon [_thread_blocked, id=14232, stack(0x0000006e61e00000,0x0000006e61f00000) (1024K)]
  0x000001895600a040 JavaThread "Service Thread"             daemon [_thread_blocked, id=10856, stack(0x0000006e61f00000,0x0000006e62000000) (1024K)]
  0x00000189560105f0 JavaThread "Monitor Deflation Thread"   daemon [_thread_blocked, id=3824, stack(0x0000006e62000000,0x0000006e62100000) (1024K)]
  0x000001895601e9b0 JavaThread "C2 CompilerThread0"         daemon [_thread_in_native, id=6096, stack(0x0000006e62100000,0x0000006e62200000) (1024K)]
  0x0000018956032940 JavaThread "C1 CompilerThread0"         daemon [_thread_in_native, id=17036, stack(0x0000006e62200000,0x0000006e62300000) (1024K)]
  0x0000018956117010 JavaThread "Common-Cleaner"             daemon [_thread_blocked, id=7760, stack(0x0000006e62300000,0x0000006e62400000) (1024K)]
  0x00000189563479e0 JavaThread "Notification Thread"        daemon [_thread_blocked, id=18376, stack(0x0000006e62500000,0x0000006e62600000) (1024K)]
  0x0000018956c4df70 JavaThread "Active Thread: Equinox Container: e1b333d9-873c-41b3-8be4-5bfc105272d8"        [_thread_blocked, id=23892, stack(0x0000006e62d00000,0x0000006e62e00000) (1024K)]
  0x0000018956f98920 JavaThread "Refresh Thread: Equinox Container: e1b333d9-873c-41b3-8be4-5bfc105272d8" daemon [_thread_blocked, id=15108, stack(0x0000006e62e00000,0x0000006e62f00000) (1024K)]
  0x0000018956bcc9d0 JavaThread "Framework Event Dispatcher: Equinox Container: e1b333d9-873c-41b3-8be4-5bfc105272d8" daemon [_thread_blocked, id=22884, stack(0x0000006e63000000,0x0000006e63100000) (1024K)]
  0x0000018956bdba30 JavaThread "Start Level: Equinox Container: e1b333d9-873c-41b3-8be4-5bfc105272d8" daemon [_thread_blocked, id=18916, stack(0x0000006e63100000,0x0000006e63200000) (1024K)]
  0x0000018957064d80 JavaThread "Bundle File Closer"         daemon [_thread_blocked, id=17224, stack(0x0000006e63400000,0x0000006e63500000) (1024K)]
  0x00000189571c5ed0 JavaThread "SCR Component Actor"        daemon [_thread_blocked, id=9580, stack(0x0000006e63500000,0x0000006e63600000) (1024K)]
  0x00000189572e9f40 JavaThread "Worker-JM"                         [_thread_blocked, id=19360, stack(0x0000006e62600000,0x0000006e62700000) (1024K)]
  0x00000189572eac60 JavaThread "JNA Cleaner"                daemon [_thread_blocked, id=17040, stack(0x0000006e63700000,0x0000006e63800000) (1024K)]
  0x00000189572e8b90 JavaThread "Worker-0"                          [_thread_blocked, id=14348, stack(0x0000006e63800000,0x0000006e63900000) (1024K)]
  0x00000189572eb980 JavaThread "Worker-1: Initialize workspace"        [_thread_in_vm, id=20592, stack(0x0000006e63900000,0x0000006e63a00000) (1024K)]
=>0x000001895893ffa0 JavaThread "C2 CompilerThread1"         daemon [_thread_in_native, id=23096, stack(0x0000006e62400000,0x0000006e62500000) (1024K)]
  0x00000189572ec010 JavaThread "Java indexing"              daemon [_thread_blocked, id=20400, stack(0x0000006e63b00000,0x0000006e63c00000) (1024K)]
  0x00000189572ea5d0 JavaThread "Worker-2"                          [_thread_blocked, id=20048, stack(0x0000006e63c00000,0x0000006e63d00000) (1024K)]
  0x00000189572e9220 JavaThread "Worker-3: Initialize Workspace"        [_thread_blocked, id=5616, stack(0x0000006e63f00000,0x0000006e64000000) (1024K)]
  0x0000018958443e40 JavaThread "Worker-4"                          [_thread_blocked, id=1184, stack(0x0000006e64000000,0x0000006e64100000) (1024K)]
  0x0000018958442400 JavaThread "Thread-2"                   daemon [_thread_in_native, id=13492, stack(0x0000006e64100000,0x0000006e64200000) (1024K)]
  0x0000018958442a90 JavaThread "Thread-3"                   daemon [_thread_in_native, id=2880, stack(0x0000006e64200000,0x0000006e64300000) (1024K)]
  0x00000189584451f0 JavaThread "Thread-4"                   daemon [_thread_in_native, id=24988, stack(0x0000006e64300000,0x0000006e64400000) (1024K)]
  0x00000189584444d0 JavaThread "Thread-5"                   daemon [_thread_in_native, id=11820, stack(0x0000006e64400000,0x0000006e64500000) (1024K)]
  0x0000018958441d70 JavaThread "Thread-6"                   daemon [_thread_in_native, id=10016, stack(0x0000006e64500000,0x0000006e64600000) (1024K)]
  0x0000018958445880 JavaThread "Thread-7"                   daemon [_thread_in_native, id=21080, stack(0x0000006e64600000,0x0000006e64700000) (1024K)]
  0x0000018958444b60 JavaThread "Thread-8"                   daemon [_thread_in_native, id=10900, stack(0x0000006e64700000,0x0000006e64800000) (1024K)]
  0x0000018958445f10 JavaThread "Thread-9"                   daemon [_thread_in_native, id=24796, stack(0x0000006e64800000,0x0000006e64900000) (1024K)]
  0x00000189584465a0 JavaThread "Thread-10"                  daemon [_thread_in_native, id=6340, stack(0x0000006e64900000,0x0000006e64a00000) (1024K)]
  0x0000018958443120 JavaThread "Thread-11"                  daemon [_thread_in_native, id=15508, stack(0x0000006e64a00000,0x0000006e64b00000) (1024K)]
  0x0000018958446c30 JavaThread "Thread-12"                  daemon [_thread_in_native, id=1424, stack(0x0000006e64b00000,0x0000006e64c00000) (1024K)]
  0x00000189584437b0 JavaThread "Thread-13"                  daemon [_thread_in_native, id=21044, stack(0x0000006e64c00000,0x0000006e64d00000) (1024K)]
  0x0000018958447950 JavaThread "Thread-14"                  daemon [_thread_in_native, id=13488, stack(0x0000006e64d00000,0x0000006e64e00000) (1024K)]
  0x0000018958448670 JavaThread "pool-2-thread-1"                   [_thread_blocked, id=4764, stack(0x0000006e64e00000,0x0000006e64f00000) (1024K)]
  0x00000189584472c0 JavaThread "WorkspaceEventsHandler"            [_thread_blocked, id=9240, stack(0x0000006e64f00000,0x0000006e65000000) (1024K)]
  0x0000018958448d00 JavaThread "pool-1-thread-1"                   [_thread_blocked, id=10416, stack(0x0000006e65000000,0x0000006e65100000) (1024K)]
  0x0000018958449390 JavaThread "ForkJoinPool.commonPool-worker-1" daemon [_thread_blocked, id=21856, stack(0x0000006e65100000,0x0000006e65200000) (1024K)]
  0x0000018958447fe0 JavaThread "ForkJoinPool.commonPool-worker-2" daemon [_thread_blocked, id=20636, stack(0x0000006e65200000,0x0000006e65300000) (1024K)]
  0x000001895afe7af0 JavaThread "ForkJoinPool.commonPool-worker-3" daemon [_thread_blocked, id=16284, stack(0x0000006e65300000,0x0000006e65400000) (1024K)]
  0x000001895afe6dd0 JavaThread "ForkJoinPool.commonPool-worker-4" daemon [_thread_blocked, id=12456, stack(0x0000006e65400000,0x0000006e65500000) (1024K)]
  0x000001895afe8180 JavaThread "ForkJoinPool.commonPool-worker-5" daemon [_thread_blocked, id=12448, stack(0x0000006e65500000,0x0000006e65600000) (1024K)]
  0x000001895afe8810 JavaThread "ForkJoinPool.commonPool-worker-6" daemon [_thread_blocked, id=12592, stack(0x0000006e65600000,0x0000006e65700000) (1024K)]
  0x000001895afe9530 JavaThread "ForkJoinPool.commonPool-worker-7" daemon [_thread_blocked, id=12580, stack(0x0000006e65700000,0x0000006e65800000) (1024K)]
  0x000001895afe8ea0 JavaThread "ForkJoinPool.commonPool-worker-8" daemon [_thread_in_vm, id=24752, stack(0x0000006e65800000,0x0000006e65900000) (1024K)]
  0x000001895afe9bc0 JavaThread "ForkJoinPool.commonPool-worker-9" daemon [_thread_blocked, id=13600, stack(0x0000006e65900000,0x0000006e65a00000) (1024K)]
  0x000001895afea250 JavaThread "ForkJoinPool.commonPool-worker-10" daemon [_thread_in_Java, id=23828, stack(0x0000006e65a00000,0x0000006e65b00000) (1024K)]
  0x000001895afea8e0 JavaThread "ForkJoinPool.commonPool-worker-11" daemon [_thread_blocked, id=4008, stack(0x0000006e65b00000,0x0000006e65c00000) (1024K)]
  0x0000018959aa5b60 JavaThread "C2 CompilerThread2"         daemon [_thread_in_native, id=16020, stack(0x0000006e63600000,0x0000006e63700000) (1024K)]
  0x000001895afe7460 JavaThread "SCR Component Registry"     daemon [_thread_blocked, id=20300, stack(0x0000006e63a00000,0x0000006e63b00000) (1024K)]
  0x000001895afed040 JavaThread "Thread-16"                  daemon [_thread_in_native, id=9208, stack(0x0000006e65c00000,0x0000006e65d00000) (1024K)]
Total: 56

Other Threads:
  0x00000189762ee370 VMThread "VM Thread"                           [id=21664, stack(0x0000006e61a00000,0x0000006e61b00000) (1024K)]
  0x000001897fadca00 WatcherThread "VM Periodic Task Thread"        [id=21196, stack(0x0000006e61900000,0x0000006e61a00000) (1024K)]
  0x000001897624a190 WorkerThread "GC Thread#0"                     [id=16660, stack(0x0000006e61800000,0x0000006e61900000) (1024K)]
  0x0000018956fec3c0 WorkerThread "GC Thread#1"                     [id=19340, stack(0x0000006e62700000,0x0000006e62800000) (1024K)]
  0x0000018956887170 WorkerThread "GC Thread#2"                     [id=9904, stack(0x0000006e62800000,0x0000006e62900000) (1024K)]
  0x0000018956887510 WorkerThread "GC Thread#3"                     [id=15776, stack(0x0000006e62900000,0x0000006e62a00000) (1024K)]
  0x00000189568878b0 WorkerThread "GC Thread#4"                     [id=18444, stack(0x0000006e62a00000,0x0000006e62b00000) (1024K)]
  0x0000018956f55620 WorkerThread "GC Thread#5"                     [id=3884, stack(0x0000006e62b00000,0x0000006e62c00000) (1024K)]
  0x00000189567e3f10 WorkerThread "GC Thread#6"                     [id=3524, stack(0x0000006e62c00000,0x0000006e62d00000) (1024K)]
  0x0000018956c17cb0 WorkerThread "GC Thread#7"                     [id=12532, stack(0x0000006e62f00000,0x0000006e63000000) (1024K)]
  0x0000018956c104b0 WorkerThread "GC Thread#8"                     [id=17472, stack(0x0000006e63200000,0x0000006e63300000) (1024K)]
  0x0000018956c10850 WorkerThread "GC Thread#9"                     [id=5988, stack(0x0000006e63300000,0x0000006e63400000) (1024K)]
Total: 12

Threads with active compile tasks:
C2 CompilerThread0  10198 7382       4       org.lombokweb.asm.ClassReader::readMethod (1070 bytes)
C1 CompilerThread0  10198 7723       3       java.util.zip.GZIPInputStream::read (65 bytes)
C2 CompilerThread1  10198 7372 %     4       org.lombokweb.asm.ClassReader::readCode @ 2037 (5117 bytes)
C2 CompilerThread2  10198 7379       4       lombok.patcher.PatchScript$MethodPatcher::visitMethod (158 bytes)
Total: 4

VM state: not at safepoint (normal execution)

VM Mutex/Monitor currently owned by a thread:  ([mutex/lock_event])
[0x00007ffea06b3fd8] MethodCompileQueue_lock - owner thread: 0x0000000000000000

Heap address: 0x0000000080000000, size: 2048 MB, Compressed Oops mode: 32-bit

CDS archive(s) mapped at: [0x000001890f000000-0x000001890fba0000-0x000001890fba0000), size 12189696, SharedBaseAddress: 0x000001890f000000, ArchiveRelocationMode: 1.
Compressed class space mapped at: 0x0000018910000000-0x0000018950000000, reserved size: 1073741824
Narrow klass base: 0x000001890f000000, Narrow klass shift: 0, Narrow klass range: 0x100000000

GC Precious Log:
 CardTable entry size: 512
 CPUs: 12 total, 12 available
 Memory: 7531M
 Large Page Support: Disabled
 NUMA Support: Disabled
 Compressed Oops: Enabled (32-bit)
 Alignments: Space 512K, Generation 512K, Heap 2M
 Heap Min Capacity: 100M
 Heap Initial Capacity: 100M
 Heap Max Capacity: 2G
 Pre-touch: Disabled
 Parallel Workers: 10

Heap:
 PSYoungGen      total 21504K, used 21476K [0x00000000d5580000, 0x00000000d7080000, 0x0000000100000000)
  eden space 20480K, 100% used [0x00000000d5580000,0x00000000d6980000,0x00000000d6980000)
  from space 1024K, 97% used [0x00000000d6c80000,0x00000000d6d79378,0x00000000d6d80000)
  to   space 3072K, 0% used [0x00000000d6980000,0x00000000d6980000,0x00000000d6c80000)
 ParOldGen       total 68608K, used 51696K [0x0000000080000000, 0x0000000084300000, 0x00000000d5580000)
  object space 68608K, 75% used [0x0000000080000000,0x000000008327c2d0,0x0000000084300000)
 Metaspace       used 58146K, committed 59648K, reserved 1114112K
  class space    used 6306K, committed 6976K, reserved 1048576K

Card table byte_map: [0x000001897af40000,0x000001897b350000] _byte_map_base: 0x000001897ab40000

Marking Bits: (ParMarkBitMap*) 0x00007ffea06ba340
 Begin Bits: [0x000001897b600000, 0x000001897d600000)
 End Bits:   [0x000001897d600000, 0x000001897f600000)

Polling page: 0x0000018975f90000

Metaspace:

Usage:
  Non-class:     50.63 MB used.
      Class:      6.16 MB used.
       Both:     56.78 MB used.

Virtual space:
  Non-class space:       64.00 MB reserved,      51.44 MB ( 80%) committed,  1 nodes.
      Class space:        1.00 GB reserved,       6.81 MB ( <1%) committed,  1 nodes.
             Both:        1.06 GB reserved,      58.25 MB (  5%) committed. 

Chunk freelists:
   Non-Class:  11.78 MB
       Class:  9.05 MB
        Both:  20.83 MB

MaxMetaspaceSize: unlimited
CompressedClassSpaceSize: 1.00 GB
Initial GC threshold: 21.00 MB
Current GC threshold: 58.88 MB
CDS: on
 - commit_granule_bytes: 65536.
 - commit_granule_words: 8192.
 - virtual_space_node_default_size: 8388608.
 - enlarge_chunks_in_place: 1.
 - use_allocation_guard: 0.


Internal statistics:

num_allocs_failed_limit: 12.
num_arena_births: 1090.
num_arena_deaths: 14.
num_vsnodes_births: 2.
num_vsnodes_deaths: 0.
num_space_committed: 932.
num_space_uncommitted: 0.
num_chunks_returned_to_freelist: 26.
num_chunks_taken_from_freelist: 3795.
num_chunk_merges: 16.
num_chunk_splits: 2350.
num_chunks_enlarged: 1321.
num_inconsistent_stats: 0.

CodeHeap 'non-profiled nmethods': size=120000Kb used=3963Kb max_used=3963Kb free=116036Kb
 bounds [0x0000018907ad0000, 0x0000018907eb0000, 0x000001890f000000]
CodeHeap 'profiled nmethods': size=120000Kb used=15061Kb max_used=15061Kb free=104939Kb
 bounds [0x0000018900000000, 0x0000018900ec0000, 0x0000018907530000]
CodeHeap 'non-nmethods': size=5760Kb used=1412Kb max_used=1468Kb free=4347Kb
 bounds [0x0000018907530000, 0x00000189077a0000, 0x0000018907ad0000]
CodeCache: size=245760Kb, used=20436Kb, max_used=20492Kb, free=225322Kb
 total_blobs=7786, nmethods=7070, adapters=622, full_count=0
Compilation: enabled, stopped_count=0, restarted_count=0

Compilation events (20 events):
Event: 10.159 Thread 0x0000018956032940 nmethod 7644 0x0000018900e89310 code [0x0000018900e894c0, 0x0000018900e895e8]
Event: 10.159 Thread 0x0000018956032940 7646       2       org.eclipse.jdt.internal.core.util.LRUCache::privateAddEntry (87 bytes)
Event: 10.159 Thread 0x0000018956032940 nmethod 7646 0x0000018900e89690 code [0x0000018900e89840, 0x0000018900e89a60]
Event: 10.159 Thread 0x0000018956032940 7645       2       org.eclipse.jdt.internal.core.OverflowingLRUCache::updateTimestamp (43 bytes)
Event: 10.159 Thread 0x0000018956032940 nmethod 7645 0x0000018900e89b90 code [0x0000018900e89d40, 0x0000018900e89ef0]
Event: 10.159 Thread 0x0000018956032940 7647       2       org.eclipse.jdt.internal.core.ModularClassFile::<init> (8 bytes)
Event: 10.160 Thread 0x0000018956032940 nmethod 7647 0x0000018900e8a010 code [0x0000018900e8a1c0, 0x0000018900e8a350]
Event: 10.160 Thread 0x0000018956032940 7651       2       org.eclipse.jdt.internal.compiler.util.ObjectVector::elementAt (7 bytes)
Event: 10.161 Thread 0x0000018956032940 nmethod 7651 0x0000018900e8a490 code [0x0000018900e8a620, 0x0000018900e8a750]
Event: 10.161 Thread 0x0000018956032940 7650       2       org.eclipse.jdt.internal.core.OverflowingLRUCache::privateRemoveEntry (140 bytes)
Event: 10.161 Thread 0x0000018956032940 nmethod 7650 0x0000018900e8a810 code [0x0000018900e8aa00, 0x0000018900e8ad78]
Event: 10.161 Thread 0x0000018956032940 7648       2       org.eclipse.jdt.internal.core.PackageFragment::equals (56 bytes)
Event: 10.161 Thread 0x0000018956032940 nmethod 7648 0x0000018900e8af10 code [0x0000018900e8b0e0, 0x0000018900e8b390]
Event: 10.161 Thread 0x0000018956032940 7656       3       org.eclipse.jdt.core.compiler.CharOperation::equals (6 bytes)
Event: 10.161 Thread 0x0000018956032940 nmethod 7656 0x0000018900e8b490 code [0x0000018900e8b640, 0x0000018900e8b758]
Event: 10.161 Thread 0x0000018956032940 7649       2       org.eclipse.jdt.internal.core.AbstractClassFile::equals (49 bytes)
Event: 10.162 Thread 0x0000018956032940 nmethod 7649 0x0000018900e8b810 code [0x0000018900e8b9e0, 0x0000018900e8bc60]
Event: 10.162 Thread 0x0000018956032940 7652       2       org.eclipse.jdt.internal.compiler.classfmt.ClassFileStruct::<init> (20 bytes)
Event: 10.162 Thread 0x0000018956032940 nmethod 7652 0x0000018900e8bd90 code [0x0000018900e8bf20, 0x0000018900e8c058]
Event: 10.162 Thread 0x0000018956032940 7658   !   2       org.eclipse.jdt.internal.compiler.classfmt.ClassFileReader::<init> (1968 bytes)

GC Heap History (20 events):
Event: 8.289 GC heap before
{Heap before GC invocations=25 (full 2):
 PSYoungGen      total 23040K, used 23008K [0x00000000d5580000, 0x00000000d7300000, 0x0000000100000000)
  eden space 22016K, 100% used [0x00000000d5580000,0x00000000d6b00000,0x00000000d6b00000)
  from space 1024K, 96% used [0x00000000d7080000,0x00000000d7178010,0x00000000d7180000)
  to   space 4096K, 0% used [0x00000000d6b00000,0x00000000d6b00000,0x00000000d6f00000)
 ParOldGen       total 68608K, used 33476K [0x0000000080000000, 0x0000000084300000, 0x00000000d5580000)
  object space 68608K, 48% used [0x0000000080000000,0x00000000820b12b0,0x0000000084300000)
 Metaspace       used 49021K, committed 50432K, reserved 1114112K
  class space    used 5347K, committed 5952K, reserved 1048576K
}
Event: 8.291 GC heap after
{Heap after GC invocations=25 (full 2):
 PSYoungGen      total 24576K, used 2466K [0x00000000d5580000, 0x00000000d7100000, 0x0000000100000000)
  eden space 22016K, 0% used [0x00000000d5580000,0x00000000d5580000,0x00000000d6b00000)
  from space 2560K, 96% used [0x00000000d6b00000,0x00000000d6d68820,0x00000000d6d80000)
  to   space 3072K, 0% used [0x00000000d6e00000,0x00000000d6e00000,0x00000000d7100000)
 ParOldGen       total 68608K, used 34444K [0x0000000080000000, 0x0000000084300000, 0x00000000d5580000)
  object space 68608K, 50% used [0x0000000080000000,0x00000000821a32b0,0x0000000084300000)
 Metaspace       used 49021K, committed 50432K, reserved 1114112K
  class space    used 5347K, committed 5952K, reserved 1048576K
}
Event: 8.361 GC heap before
{Heap before GC invocations=26 (full 2):
 PSYoungGen      total 24576K, used 24482K [0x00000000d5580000, 0x00000000d7100000, 0x0000000100000000)
  eden space 22016K, 100% used [0x00000000d5580000,0x00000000d6b00000,0x00000000d6b00000)
  from space 2560K, 96% used [0x00000000d6b00000,0x00000000d6d68820,0x00000000d6d80000)
  to   space 3072K, 0% used [0x00000000d6e00000,0x00000000d6e00000,0x00000000d7100000)
 ParOldGen       total 68608K, used 34444K [0x0000000080000000, 0x0000000084300000, 0x00000000d5580000)
  object space 68608K, 50% used [0x0000000080000000,0x00000000821a32b0,0x0000000084300000)
 Metaspace       used 49042K, committed 50432K, reserved 1114112K
  class space    used 5347K, committed 5952K, reserved 1048576K
}
Event: 8.366 GC heap after
{Heap after GC invocations=26 (full 2):
 PSYoungGen      total 24576K, used 2144K [0x00000000d5580000, 0x00000000d7080000, 0x0000000100000000)
  eden space 22016K, 0% used [0x00000000d5580000,0x00000000d5580000,0x00000000d6b00000)
  from space 2560K, 83% used [0x00000000d6e00000,0x00000000d7018000,0x00000000d7080000)
  to   space 2560K, 0% used [0x00000000d6b00000,0x00000000d6b00000,0x00000000d6d80000)
 ParOldGen       total 68608K, used 36722K [0x0000000080000000, 0x0000000084300000, 0x00000000d5580000)
  object space 68608K, 53% used [0x0000000080000000,0x00000000823dcbe0,0x0000000084300000)
 Metaspace       used 49042K, committed 50432K, reserved 1114112K
  class space    used 5347K, committed 5952K, reserved 1048576K
}
Event: 8.423 GC heap before
{Heap before GC invocations=27 (full 2):
 PSYoungGen      total 24576K, used 24160K [0x00000000d5580000, 0x00000000d7080000, 0x0000000100000000)
  eden space 22016K, 100% used [0x00000000d5580000,0x00000000d6b00000,0x00000000d6b00000)
  from space 2560K, 83% used [0x00000000d6e00000,0x00000000d7018000,0x00000000d7080000)
  to   space 2560K, 0% used [0x00000000d6b00000,0x00000000d6b00000,0x00000000d6d80000)
 ParOldGen       total 68608K, used 36722K [0x0000000080000000, 0x0000000084300000, 0x00000000d5580000)
  object space 68608K, 53% used [0x0000000080000000,0x00000000823dcbe0,0x0000000084300000)
 Metaspace       used 49045K, committed 50432K, reserved 1114112K
  class space    used 5347K, committed 5952K, reserved 1048576K
}
Event: 8.427 GC heap after
{Heap after GC invocations=27 (full 2):
 PSYoungGen      total 24576K, used 2212K [0x00000000d5580000, 0x00000000d7000000, 0x0000000100000000)
  eden space 22016K, 0% used [0x00000000d5580000,0x00000000d5580000,0x00000000d6b00000)
  from space 2560K, 86% used [0x00000000d6b00000,0x00000000d6d29000,0x00000000d6d80000)
  to   space 2560K, 0% used [0x00000000d6d80000,0x00000000d6d80000,0x00000000d7000000)
 ParOldGen       total 68608K, used 38665K [0x0000000080000000, 0x0000000084300000, 0x00000000d5580000)
  object space 68608K, 56% used [0x0000000080000000,0x00000000825c2590,0x0000000084300000)
 Metaspace       used 49045K, committed 50432K, reserved 1114112K
  class space    used 5347K, committed 5952K, reserved 1048576K
}
Event: 8.499 GC heap before
{Heap before GC invocations=28 (full 2):
 PSYoungGen      total 24576K, used 24228K [0x00000000d5580000, 0x00000000d7000000, 0x0000000100000000)
  eden space 22016K, 100% used [0x00000000d5580000,0x00000000d6b00000,0x00000000d6b00000)
  from space 2560K, 86% used [0x00000000d6b00000,0x00000000d6d29000,0x00000000d6d80000)
  to   space 2560K, 0% used [0x00000000d6d80000,0x00000000d6d80000,0x00000000d7000000)
 ParOldGen       total 68608K, used 38665K [0x0000000080000000, 0x0000000084300000, 0x00000000d5580000)
  object space 68608K, 56% used [0x0000000080000000,0x00000000825c2590,0x0000000084300000)
 Metaspace       used 49078K, committed 50432K, reserved 1114112K
  class space    used 5347K, committed 5952K, reserved 1048576K
}
Event: 8.502 GC heap after
{Heap after GC invocations=28 (full 2):
 PSYoungGen      total 24576K, used 2240K [0x00000000d5580000, 0x00000000d7000000, 0x0000000100000000)
  eden space 22016K, 0% used [0x00000000d5580000,0x00000000d5580000,0x00000000d6b00000)
  from space 2560K, 87% used [0x00000000d6d80000,0x00000000d6fb0010,0x00000000d7000000)
  to   space 2560K, 0% used [0x00000000d6b00000,0x00000000d6b00000,0x00000000d6d80000)
 ParOldGen       total 68608K, used 40694K [0x0000000080000000, 0x0000000084300000, 0x00000000d5580000)
  object space 68608K, 59% used [0x0000000080000000,0x00000000827bdbb8,0x0000000084300000)
 Metaspace       used 49078K, committed 50432K, reserved 1114112K
  class space    used 5347K, committed 5952K, reserved 1048576K
}
Event: 8.580 GC heap before
{Heap before GC invocations=29 (full 2):
 PSYoungGen      total 24576K, used 24256K [0x00000000d5580000, 0x00000000d7000000, 0x0000000100000000)
  eden space 22016K, 100% used [0x00000000d5580000,0x00000000d6b00000,0x00000000d6b00000)
  from space 2560K, 87% used [0x00000000d6d80000,0x00000000d6fb0010,0x00000000d7000000)
  to   space 2560K, 0% used [0x00000000d6b00000,0x00000000d6b00000,0x00000000d6d80000)
 ParOldGen       total 68608K, used 40694K [0x0000000080000000, 0x0000000084300000, 0x00000000d5580000)
  object space 68608K, 59% used [0x0000000080000000,0x00000000827bdbb8,0x0000000084300000)
 Metaspace       used 49145K, committed 50496K, reserved 1114112K
  class space    used 5357K, committed 5952K, reserved 1048576K
}
Event: 8.584 GC heap after
{Heap after GC invocations=29 (full 2):
 PSYoungGen      total 24576K, used 1981K [0x00000000d5580000, 0x00000000d7000000, 0x0000000100000000)
  eden space 22016K, 0% used [0x00000000d5580000,0x00000000d5580000,0x00000000d6b00000)
  from space 2560K, 77% used [0x00000000d6b00000,0x00000000d6cef670,0x00000000d6d80000)
  to   space 2560K, 0% used [0x00000000d6d80000,0x00000000d6d80000,0x00000000d7000000)
 ParOldGen       total 68608K, used 42774K [0x0000000080000000, 0x0000000084300000, 0x00000000d5580000)
  object space 68608K, 62% used [0x0000000080000000,0x00000000829c5bc8,0x0000000084300000)
 Metaspace       used 49145K, committed 50496K, reserved 1114112K
  class space    used 5357K, committed 5952K, reserved 1048576K
}
Event: 9.021 GC heap before
{Heap before GC invocations=30 (full 2):
 PSYoungGen      total 24576K, used 23997K [0x00000000d5580000, 0x00000000d7000000, 0x0000000100000000)
  eden space 22016K, 100% used [0x00000000d5580000,0x00000000d6b00000,0x00000000d6b00000)
  from space 2560K, 77% used [0x00000000d6b00000,0x00000000d6cef670,0x00000000d6d80000)
  to   space 2560K, 0% used [0x00000000d6d80000,0x00000000d6d80000,0x00000000d7000000)
 ParOldGen       total 68608K, used 42774K [0x0000000080000000, 0x0000000084300000, 0x00000000d5580000)
  object space 68608K, 62% used [0x0000000080000000,0x00000000829c5bc8,0x0000000084300000)
 Metaspace       used 51006K, committed 52480K, reserved 1114112K
  class space    used 5621K, committed 6272K, reserved 1048576K
}
Event: 9.024 GC heap after
{Heap after GC invocations=30 (full 2):
 PSYoungGen      total 23040K, used 773K [0x00000000d5580000, 0x00000000d6e80000, 0x0000000100000000)
  eden space 22016K, 0% used [0x00000000d5580000,0x00000000d5580000,0x00000000d6b00000)
  from space 1024K, 75% used [0x00000000d6d80000,0x00000000d6e41558,0x00000000d6e80000)
  to   space 1536K, 0% used [0x00000000d6b80000,0x00000000d6b80000,0x00000000d6d00000)
 ParOldGen       total 68608K, used 44494K [0x0000000080000000, 0x0000000084300000, 0x00000000d5580000)
  object space 68608K, 64% used [0x0000000080000000,0x0000000082b739c8,0x0000000084300000)
 Metaspace       used 51006K, committed 52480K, reserved 1114112K
  class space    used 5621K, committed 6272K, reserved 1048576K
}
Event: 9.484 GC heap before
{Heap before GC invocations=31 (full 2):
 PSYoungGen      total 23040K, used 22789K [0x00000000d5580000, 0x00000000d6e80000, 0x0000000100000000)
  eden space 22016K, 100% used [0x00000000d5580000,0x00000000d6b00000,0x00000000d6b00000)
  from space 1024K, 75% used [0x00000000d6d80000,0x00000000d6e41558,0x00000000d6e80000)
  to   space 1536K, 0% used [0x00000000d6b80000,0x00000000d6b80000,0x00000000d6d00000)
 ParOldGen       total 68608K, used 44494K [0x0000000080000000, 0x0000000084300000, 0x00000000d5580000)
  object space 68608K, 64% used [0x0000000080000000,0x0000000082b739c8,0x0000000084300000)
 Metaspace       used 52489K, committed 53952K, reserved 1114112K
  class space    used 5755K, committed 6400K, reserved 1048576K
}
Event: 9.486 GC heap after
{Heap after GC invocations=31 (full 2):
 PSYoungGen      total 23552K, used 567K [0x00000000d5580000, 0x00000000d6e00000, 0x0000000100000000)
  eden space 22016K, 0% used [0x00000000d5580000,0x00000000d5580000,0x00000000d6b00000)
  from space 1536K, 36% used [0x00000000d6b80000,0x00000000d6c0dd80,0x00000000d6d00000)
  to   space 1024K, 0% used [0x00000000d6d00000,0x00000000d6d00000,0x00000000d6e00000)
 ParOldGen       total 68608K, used 45153K [0x0000000080000000, 0x0000000084300000, 0x00000000d5580000)
  object space 68608K, 65% used [0x0000000080000000,0x0000000082c185d0,0x0000000084300000)
 Metaspace       used 52489K, committed 53952K, reserved 1114112K
  class space    used 5755K, committed 6400K, reserved 1048576K
}
Event: 9.582 GC heap before
{Heap before GC invocations=32 (full 2):
 PSYoungGen      total 23552K, used 22583K [0x00000000d5580000, 0x00000000d6e00000, 0x0000000100000000)
  eden space 22016K, 100% used [0x00000000d5580000,0x00000000d6b00000,0x00000000d6b00000)
  from space 1536K, 36% used [0x00000000d6b80000,0x00000000d6c0dd80,0x00000000d6d00000)
  to   space 1024K, 0% used [0x00000000d6d00000,0x00000000d6d00000,0x00000000d6e00000)
 ParOldGen       total 68608K, used 45153K [0x0000000080000000, 0x0000000084300000, 0x00000000d5580000)
  object space 68608K, 65% used [0x0000000080000000,0x0000000082c185d0,0x0000000084300000)
 Metaspace       used 52733K, committed 54208K, reserved 1114112K
  class space    used 5769K, committed 6400K, reserved 1048576K
}
Event: 9.584 GC heap after
{Heap after GC invocations=32 (full 2):
 PSYoungGen      total 22528K, used 1014K [0x00000000d5580000, 0x00000000d7000000, 0x0000000100000000)
  eden space 21504K, 0% used [0x00000000d5580000,0x00000000d5580000,0x00000000d6a80000)
  from space 1024K, 99% used [0x00000000d6d00000,0x00000000d6dfd880,0x00000000d6e00000)
  to   space 2560K, 0% used [0x00000000d6a80000,0x00000000d6a80000,0x00000000d6d00000)
 ParOldGen       total 68608K, used 46007K [0x0000000080000000, 0x0000000084300000, 0x00000000d5580000)
  object space 68608K, 67% used [0x0000000080000000,0x0000000082cedf88,0x0000000084300000)
 Metaspace       used 52733K, committed 54208K, reserved 1114112K
  class space    used 5769K, committed 6400K, reserved 1048576K
}
Event: 9.721 GC heap before
{Heap before GC invocations=33 (full 2):
 PSYoungGen      total 22528K, used 22518K [0x00000000d5580000, 0x00000000d7000000, 0x0000000100000000)
  eden space 21504K, 100% used [0x00000000d5580000,0x00000000d6a80000,0x00000000d6a80000)
  from space 1024K, 99% used [0x00000000d6d00000,0x00000000d6dfd880,0x00000000d6e00000)
  to   space 2560K, 0% used [0x00000000d6a80000,0x00000000d6a80000,0x00000000d6d00000)
 ParOldGen       total 68608K, used 46007K [0x0000000080000000, 0x0000000084300000, 0x00000000d5580000)
  object space 68608K, 67% used [0x0000000080000000,0x0000000082cedf88,0x0000000084300000)
 Metaspace       used 54329K, committed 55808K, reserved 1114112K
  class space    used 5900K, committed 6528K, reserved 1048576K
}
Event: 9.722 GC heap after
{Heap after GC invocations=33 (full 2):
 PSYoungGen      total 22016K, used 352K [0x00000000d5580000, 0x00000000d6d80000, 0x0000000100000000)
  eden space 21504K, 0% used [0x00000000d5580000,0x00000000d5580000,0x00000000d6a80000)
  from space 512K, 68% used [0x00000000d6a80000,0x00000000d6ad8000,0x00000000d6b00000)
  to   space 1024K, 0% used [0x00000000d6c80000,0x00000000d6c80000,0x00000000d6d80000)
 ParOldGen       total 68608K, used 46350K [0x0000000080000000, 0x0000000084300000, 0x00000000d5580000)
  object space 68608K, 67% used [0x0000000080000000,0x0000000082d43940,0x0000000084300000)
 Metaspace       used 54329K, committed 55808K, reserved 1114112K
  class space    used 5900K, committed 6528K, reserved 1048576K
}
Event: 10.095 GC heap before
{Heap before GC invocations=34 (full 2):
 PSYoungGen      total 22016K, used 21856K [0x00000000d5580000, 0x00000000d6d80000, 0x0000000100000000)
  eden space 21504K, 100% used [0x00000000d5580000,0x00000000d6a80000,0x00000000d6a80000)
  from space 512K, 68% used [0x00000000d6a80000,0x00000000d6ad8000,0x00000000d6b00000)
  to   space 1024K, 0% used [0x00000000d6c80000,0x00000000d6c80000,0x00000000d6d80000)
 ParOldGen       total 68608K, used 46350K [0x0000000080000000, 0x0000000084300000, 0x00000000d5580000)
  object space 68608K, 67% used [0x0000000080000000,0x0000000082d43aa8,0x0000000084300000)
 Metaspace       used 56958K, committed 58432K, reserved 1114112K
  class space    used 6183K, committed 6848K, reserved 1048576K
}
Event: 10.098 GC heap after
{Heap after GC invocations=34 (full 2):
 PSYoungGen      total 21504K, used 996K [0x00000000d5580000, 0x00000000d7080000, 0x0000000100000000)
  eden space 20480K, 0% used [0x00000000d5580000,0x00000000d5580000,0x00000000d6980000)
  from space 1024K, 97% used [0x00000000d6c80000,0x00000000d6d79378,0x00000000d6d80000)
  to   space 3072K, 0% used [0x00000000d6980000,0x00000000d6980000,0x00000000d6c80000)
 ParOldGen       total 68608K, used 47864K [0x0000000080000000, 0x0000000084300000, 0x00000000d5580000)
  object space 68608K, 69% used [0x0000000080000000,0x0000000082ebe228,0x0000000084300000)
 Metaspace       used 56958K, committed 58432K, reserved 1114112K
  class space    used 6183K, committed 6848K, reserved 1048576K
}

Dll operation events (11 events):
Event: 0.016 Loaded shared library c:\Users\elvia\.vscode\extensions\redhat.java-1.45.0-win32-x64\jre\21.0.8-win32-x86_64\bin\java.dll
Event: 0.117 Loaded shared library c:\Users\elvia\.vscode\extensions\redhat.java-1.45.0-win32-x64\jre\21.0.8-win32-x86_64\bin\zip.dll
Event: 0.146 Loaded shared library C:\Users\elvia\.vscode\extensions\redhat.java-1.45.0-win32-x64\jre\21.0.8-win32-x86_64\bin\instrument.dll
Event: 0.151 Loaded shared library C:\Users\elvia\.vscode\extensions\redhat.java-1.45.0-win32-x64\jre\21.0.8-win32-x86_64\bin\net.dll
Event: 0.154 Loaded shared library C:\Users\elvia\.vscode\extensions\redhat.java-1.45.0-win32-x64\jre\21.0.8-win32-x86_64\bin\nio.dll
Event: 0.157 Loaded shared library C:\Users\elvia\.vscode\extensions\redhat.java-1.45.0-win32-x64\jre\21.0.8-win32-x86_64\bin\zip.dll
Event: 0.178 Loaded shared library C:\Users\elvia\.vscode\extensions\redhat.java-1.45.0-win32-x64\jre\21.0.8-win32-x86_64\bin\jimage.dll
Event: 0.289 Loaded shared library c:\Users\elvia\.vscode\extensions\redhat.java-1.45.0-win32-x64\jre\21.0.8-win32-x86_64\bin\verify.dll
Event: 1.797 Loaded shared library C:\Users\elvia\AppData\Roaming\Code\User\globalStorage\redhat.java\1.45.0\config_win\org.eclipse.equinox.launcher\org.eclipse.equinox.launcher.win32.win32.x86_64_1.2.1400.v20250801-0854\eclipse_11916.dll
Event: 3.597 Loaded shared library C:\Users\elvia\AppData\Local\Temp\jna-96609799\jna17316871991642218070.dll
Event: 10.075 Loaded shared library C:\Users\elvia\.vscode\extensions\redhat.java-1.45.0-win32-x64\jre\21.0.8-win32-x86_64\bin\sunmscapi.dll

Deoptimization events (20 events):
Event: 10.044 Thread 0x000001895afe9530 Uncommon trap: trap_request=0xffffff45 fr.pc=0x0000018907e76204 relative=0x0000000000001104
Event: 10.044 Thread 0x000001895afe9530 Uncommon trap: reason=unstable_if action=reinterpret pc=0x0000018907e76204 method=sun.nio.fs.WindowsPathParser.normalize(Ljava/lang/StringBuilder;Ljava/lang/String;I)Ljava/lang/String; @ 100 c2
Event: 10.045 Thread 0x000001895afe9530 DEOPT PACKING pc=0x0000018907e76204 sp=0x0000006e657fe350
Event: 10.045 Thread 0x000001895afe9530 DEOPT UNPACKING pc=0x0000018907583aa2 sp=0x0000006e657fe350 mode 2
Event: 10.113 Thread 0x000001895afed040 Uncommon trap: trap_request=0xffffffde fr.pc=0x0000018907d59d30 relative=0x0000000000000430
Event: 10.113 Thread 0x000001895afed040 Uncommon trap: reason=class_check action=maybe_recompile pc=0x0000018907d59d30 method=java.util.regex.Pattern$SliceU.match(Ljava/util/regex/Matcher;ILjava/lang/CharSequence;)Z @ 95 c2
Event: 10.113 Thread 0x000001895afed040 DEOPT PACKING pc=0x0000018907d59d30 sp=0x0000006e65cfe310
Event: 10.113 Thread 0x000001895afed040 DEOPT UNPACKING pc=0x0000018907583aa2 sp=0x0000006e65cfe298 mode 2
Event: 10.117 Thread 0x000001895afea250 Uncommon trap: trap_request=0xffffff45 fr.pc=0x0000018907b6e56c relative=0x0000000000000dcc
Event: 10.117 Thread 0x000001895afea250 Uncommon trap: reason=unstable_if action=reinterpret pc=0x0000018907b6e56c method=org.eclipse.jdt.internal.core.index.DiskIndex.readStreamChars(Ljava/io/InputStream;)[C @ 1 c2
Event: 10.117 Thread 0x000001895afea250 DEOPT PACKING pc=0x0000018907b6e56c sp=0x0000006e65afdca0
Event: 10.117 Thread 0x000001895afea250 DEOPT UNPACKING pc=0x0000018907583aa2 sp=0x0000006e65afdc18 mode 2
Event: 10.118 Thread 0x000001895afed040 Uncommon trap: trap_request=0xffffffde fr.pc=0x0000018907d59d30 relative=0x0000000000000430
Event: 10.118 Thread 0x000001895afed040 Uncommon trap: reason=class_check action=maybe_recompile pc=0x0000018907d59d30 method=java.util.regex.Pattern$SliceU.match(Ljava/util/regex/Matcher;ILjava/lang/CharSequence;)Z @ 95 c2
Event: 10.119 Thread 0x000001895afed040 DEOPT PACKING pc=0x0000018907d59d30 sp=0x0000006e65cfe310
Event: 10.119 Thread 0x000001895afed040 DEOPT UNPACKING pc=0x0000018907583aa2 sp=0x0000006e65cfe298 mode 2
Event: 10.155 Thread 0x00000189572eb980 Uncommon trap: trap_request=0xffffffde fr.pc=0x0000018907e1257c relative=0x00000000000001bc
Event: 10.155 Thread 0x00000189572eb980 Uncommon trap: reason=class_check action=maybe_recompile pc=0x0000018907e1257c method=java.util.ArrayList.hashCodeRange(II)I @ 53 c2
Event: 10.155 Thread 0x00000189572eb980 DEOPT PACKING pc=0x0000018907e1257c sp=0x0000006e639fd2d0
Event: 10.156 Thread 0x00000189572eb980 DEOPT UNPACKING pc=0x0000018907583aa2 sp=0x0000006e639fd1e8 mode 2

Classes loaded (20 events):
Event: 10.124 Loading class com/sun/crypto/provider/AESCrypt
Event: 10.124 Loading class com/sun/crypto/provider/AESConstants
Event: 10.124 Loading class com/sun/crypto/provider/AESConstants done
Event: 10.124 Loading class com/sun/crypto/provider/SymmetricCipher
Event: 10.125 Loading class com/sun/crypto/provider/SymmetricCipher done
Event: 10.125 Loading class com/sun/crypto/provider/AESCrypt done
Event: 10.125 Loading class com/sun/crypto/provider/ElectronicCodeBook
Event: 10.126 Loading class com/sun/crypto/provider/FeedbackCipher
Event: 10.126 Loading class com/sun/crypto/provider/FeedbackCipher done
Event: 10.126 Loading class com/sun/crypto/provider/ElectronicCodeBook done
Event: 10.127 Loading class com/sun/crypto/provider/PKCS5Padding
Event: 10.127 Loading class com/sun/crypto/provider/Padding
Event: 10.127 Loading class com/sun/crypto/provider/Padding done
Event: 10.127 Loading class com/sun/crypto/provider/PKCS5Padding done
Event: 10.128 Loading class com/sun/crypto/provider/CipherBlockChaining
Event: 10.128 Loading class com/sun/crypto/provider/CipherBlockChaining done
Event: 10.128 Loading class javax/crypto/NullCipher
Event: 10.128 Loading class javax/crypto/NullCipher done
Event: 10.129 Loading class sun/security/util/ArrayUtil
Event: 10.129 Loading class sun/security/util/ArrayUtil done

Classes unloaded (7 events):
Event: 4.133 Thread 0x00000189762ee370 Unloading class 0x00000189101aa800 'java/lang/invoke/LambdaForm$MH+0x00000189101aa800'
Event: 4.133 Thread 0x00000189762ee370 Unloading class 0x00000189101aa400 'java/lang/invoke/LambdaForm$MH+0x00000189101aa400'
Event: 4.133 Thread 0x00000189762ee370 Unloading class 0x00000189101aa000 'java/lang/invoke/LambdaForm$MH+0x00000189101aa000'
Event: 4.133 Thread 0x00000189762ee370 Unloading class 0x00000189101a9c00 'java/lang/invoke/LambdaForm$MH+0x00000189101a9c00'
Event: 4.133 Thread 0x00000189762ee370 Unloading class 0x00000189101a9800 'java/lang/invoke/LambdaForm$BMH+0x00000189101a9800'
Event: 4.133 Thread 0x00000189762ee370 Unloading class 0x00000189101a9400 'java/lang/invoke/LambdaForm$DMH+0x00000189101a9400'
Event: 4.133 Thread 0x00000189762ee370 Unloading class 0x00000189101a8000 'java/lang/invoke/LambdaForm$DMH+0x00000189101a8000'

Classes redefined (0 events):
No events

Internal exceptions (20 events):
Event: 9.927 Thread 0x0000018958448d00 Exception <a 'java/lang/IncompatibleClassChangeError'{0x00000000d5ce73f8}: Found class java.lang.Object, but interface was expected> (0x00000000d5ce73f8) 
thrown [s\src\hotspot\share\interpreter\linkResolver.cpp, line 840]
Event: 9.936 Thread 0x0000018958448d00 Exception <a 'java/lang/IncompatibleClassChangeError'{0x00000000d5dd3578}: Found class java.lang.Object, but interface was expected> (0x00000000d5dd3578) 
thrown [s\src\hotspot\share\interpreter\linkResolver.cpp, line 840]
Event: 9.948 Thread 0x00000189572eb980 Exception <a 'java/io/FileNotFoundException'{0x00000000d5f5d9f8}> (0x00000000d5f5d9f8) 
thrown [s\src\hotspot\share\prims\jni.cpp, line 520]
Event: 9.949 Thread 0x00000189572eb980 Exception <a 'java/io/FileNotFoundException'{0x00000000d5f5ef48}> (0x00000000d5f5ef48) 
thrown [s\src\hotspot\share\prims\jni.cpp, line 520]
Event: 9.949 Thread 0x00000189572eb980 Exception <a 'java/io/FileNotFoundException'{0x00000000d5f5ff88}> (0x00000000d5f5ff88) 
thrown [s\src\hotspot\share\prims\jni.cpp, line 520]
Event: 9.969 Thread 0x00000189572eb980 Exception <a 'sun/nio/fs/WindowsException'{0x00000000d623e828}> (0x00000000d623e828) 
thrown [s\src\hotspot\share\prims\jni.cpp, line 520]
Event: 9.969 Thread 0x00000189572eb980 Exception <a 'sun/nio/fs/WindowsException'{0x00000000d623f078}> (0x00000000d623f078) 
thrown [s\src\hotspot\share\prims\jni.cpp, line 520]
Event: 9.970 Thread 0x00000189572eb980 Exception <a 'sun/nio/fs/WindowsException'{0x00000000d6240270}> (0x00000000d6240270) 
thrown [s\src\hotspot\share\prims\jni.cpp, line 520]
Event: 9.970 Thread 0x00000189572eb980 Exception <a 'sun/nio/fs/WindowsException'{0x00000000d6240ac0}> (0x00000000d6240ac0) 
thrown [s\src\hotspot\share\prims\jni.cpp, line 520]
Event: 9.975 Thread 0x00000189572eb980 Exception <a 'java/io/FileNotFoundException'{0x00000000d6300a50}> (0x00000000d6300a50) 
thrown [s\src\hotspot\share\prims\jni.cpp, line 520]
Event: 9.976 Thread 0x00000189572eb980 Exception <a 'java/io/FileNotFoundException'{0x00000000d6301808}> (0x00000000d6301808) 
thrown [s\src\hotspot\share\prims\jni.cpp, line 520]
Event: 9.978 Thread 0x0000018958448d00 Exception <a 'java/lang/IncompatibleClassChangeError'{0x00000000d6316e58}: Found class java.lang.Object, but interface was expected> (0x00000000d6316e58) 
thrown [s\src\hotspot\share\interpreter\linkResolver.cpp, line 840]
Event: 9.983 Thread 0x00000189572eb980 Exception <a 'sun/nio/fs/WindowsException'{0x00000000d63af138}> (0x00000000d63af138) 
thrown [s\src\hotspot\share\prims\jni.cpp, line 520]
Event: 9.983 Thread 0x00000189572eb980 Exception <a 'sun/nio/fs/WindowsException'{0x00000000d63af988}> (0x00000000d63af988) 
thrown [s\src\hotspot\share\prims\jni.cpp, line 520]
Event: 10.058 Thread 0x00000189572ea5d0 Exception <a 'sun/nio/fs/WindowsException'{0x00000000d689d918}> (0x00000000d689d918) 
thrown [s\src\hotspot\share\prims\jni.cpp, line 520]
Event: 10.058 Thread 0x00000189572ea5d0 Exception <a 'sun/nio/fs/WindowsException'{0x00000000d689e168}> (0x00000000d689e168) 
thrown [s\src\hotspot\share\prims\jni.cpp, line 520]
Event: 10.091 Thread 0x00000189572ea5d0 Exception <a 'java/lang/NoSuchMethodError'{0x00000000d69f7b70}: method resolution failed> (0x00000000d69f7b70) 
thrown [s\src\hotspot\share\prims\methodHandles.cpp, line 1144]
Event: 10.100 Thread 0x000001895afea250 Exception <a 'java/lang/NoSuchMethodError'{0x00000000d55bca18}: 'java.lang.Object java.lang.invoke.DirectMethodHandle$Holder.invokeStaticInit(java.lang.Object, java.lang.Object, java.lang.Object)'> (0x00000000d55bca18) 
thrown [s\src\hotspot\share\interpreter\linkResolver.cpp, line 773]
Event: 10.104 Thread 0x000001895afed040 Exception <a 'sun/nio/fs/WindowsException'{0x00000000d5683c40}> (0x00000000d5683c40) 
thrown [s\src\hotspot\share\prims\jni.cpp, line 520]
Event: 10.117 Thread 0x000001895afea250 Implicit null exception at 0x0000018907b6d7e4 to 0x0000018907b6e558

ZGC Phase Switch (0 events):
No events

VM Operations (20 events):
Event: 9.484 Executing VM operation: ParallelGCFailedAllocation (Allocation Failure)
Event: 9.486 Executing VM operation: ParallelGCFailedAllocation (Allocation Failure) done
Event: 9.582 Executing VM operation: ParallelGCFailedAllocation (Allocation Failure)
Event: 9.584 Executing VM operation: ParallelGCFailedAllocation (Allocation Failure) done
Event: 9.688 Executing VM operation: HandshakeAllThreads (Deoptimize)
Event: 9.689 Executing VM operation: HandshakeAllThreads (Deoptimize) done
Event: 9.721 Executing VM operation: ParallelGCFailedAllocation (Allocation Failure)
Event: 9.722 Executing VM operation: ParallelGCFailedAllocation (Allocation Failure) done
Event: 10.000 Executing VM operation: HandshakeAllThreads (Deoptimize)
Event: 10.000 Executing VM operation: HandshakeAllThreads (Deoptimize) done
Event: 10.080 Executing VM operation: HandshakeAllThreads (Deoptimize)
Event: 10.081 Executing VM operation: HandshakeAllThreads (Deoptimize) done
Event: 10.087 Executing VM operation: ICBufferFull
Event: 10.087 Executing VM operation: ICBufferFull done
Event: 10.095 Executing VM operation: ParallelGCFailedAllocation (Allocation Failure)
Event: 10.095 Executing VM operation: ParallelGCFailedAllocation (Allocation Failure) done
Event: 10.095 Executing VM operation: ParallelGCSystemGC (GCLocker Initiated GC)
Event: 10.098 Executing VM operation: ParallelGCSystemGC (GCLocker Initiated GC) done
Event: 10.111 Executing VM operation: HandshakeAllThreads (Deoptimize)
Event: 10.111 Executing VM operation: HandshakeAllThreads (Deoptimize) done

Memory protections (0 events):
No events

Nmethod flushes (20 events):
Event: 5.920 Thread 0x00000189762ee370 flushing  nmethod 0x00000189006a0c90
Event: 5.920 Thread 0x00000189762ee370 flushing  nmethod 0x00000189006a1890
Event: 5.920 Thread 0x00000189762ee370 flushing  nmethod 0x00000189006a2010
Event: 5.920 Thread 0x00000189762ee370 flushing  nmethod 0x00000189006a2990
Event: 5.920 Thread 0x00000189762ee370 flushing  nmethod 0x00000189006a2e90
Event: 5.920 Thread 0x00000189762ee370 flushing  nmethod 0x00000189006a3290
Event: 5.920 Thread 0x00000189762ee370 flushing  nmethod 0x00000189006a4790
Event: 5.920 Thread 0x00000189762ee370 flushing  nmethod 0x00000189006a5c90
Event: 5.920 Thread 0x00000189762ee370 flushing  nmethod 0x00000189006a6690
Event: 5.920 Thread 0x00000189762ee370 flushing  nmethod 0x00000189006a7010
Event: 5.920 Thread 0x00000189762ee370 flushing  nmethod 0x00000189006c2590
Event: 5.920 Thread 0x00000189762ee370 flushing  nmethod 0x00000189006d8f10
Event: 5.920 Thread 0x00000189762ee370 flushing  nmethod 0x00000189006def10
Event: 5.920 Thread 0x00000189762ee370 flushing  nmethod 0x00000189006e5e10
Event: 5.920 Thread 0x00000189762ee370 flushing  nmethod 0x00000189006f2790
Event: 5.920 Thread 0x00000189762ee370 flushing  nmethod 0x00000189006f5d10
Event: 5.920 Thread 0x00000189762ee370 flushing  nmethod 0x000001890072bb10
Event: 5.920 Thread 0x00000189762ee370 flushing  nmethod 0x0000018900755f10
Event: 5.920 Thread 0x00000189762ee370 flushing  nmethod 0x000001890079cc10
Event: 5.920 Thread 0x00000189762ee370 flushing  nmethod 0x00000189007b8d90

Events (20 events):
Event: 5.970 Thread 0x000001897622bb30 Thread added: 0x0000018958447950
Event: 6.005 Thread 0x000001897622bb30 Thread added: 0x0000018958448670
Event: 6.231 Thread 0x000001897622bb30 Thread added: 0x00000189584472c0
Event: 6.232 Thread 0x000001897622bb30 Thread added: 0x0000018958448d00
Event: 6.333 Thread 0x00000189572eb980 Thread added: 0x0000018958449390
Event: 6.334 Thread 0x00000189572eb980 Thread added: 0x0000018958447fe0
Event: 6.335 Thread 0x0000018958449390 Thread added: 0x000001895afe7af0
Event: 6.335 Thread 0x0000018958447fe0 Thread added: 0x000001895afe6dd0
Event: 6.335 Thread 0x000001895afe7af0 Thread added: 0x000001895afe8180
Event: 6.336 Thread 0x000001895afe6dd0 Thread added: 0x000001895afe8810
Event: 6.336 Thread 0x000001895afe8810 Thread added: 0x000001895afe9530
Event: 6.338 Thread 0x000001895afe8180 Thread added: 0x000001895afe8ea0
Event: 6.339 Thread 0x000001895afe9530 Thread added: 0x000001895afe9bc0
Event: 6.339 Thread 0x000001895afe8ea0 Thread added: 0x000001895afea250
Event: 6.340 Thread 0x000001895afe9bc0 Thread added: 0x000001895afea8e0
Event: 9.285 Thread 0x00000189572eb2f0 Thread exited: 0x00000189572eb2f0
Event: 9.451 Thread 0x0000018958940640 Thread exited: 0x0000018958940640
Event: 9.523 Thread 0x000001895601e9b0 Thread added: 0x0000018959aa5b60
Event: 9.991 Thread 0x00000189572eb980 Thread added: 0x000001895afe7460
Event: 10.048 Thread 0x000001895afe9bc0 Thread added: 0x000001895afed040


Dynamic libraries:
0x00007ff6d5f70000 - 0x00007ff6d5f7e000 	c:\Users\elvia\.vscode\extensions\redhat.java-1.45.0-win32-x64\jre\21.0.8-win32-x86_64\bin\java.exe
0x00007fff0e1e0000 - 0x00007fff0e447000 	C:\WINDOWS\SYSTEM32\ntdll.dll
0x00007fff0bf70000 - 0x00007fff0c039000 	C:\WINDOWS\System32\KERNEL32.DLL
0x00007fff0b310000 - 0x00007fff0b700000 	C:\WINDOWS\System32\KERNELBASE.dll
0x00007fff0b8c0000 - 0x00007fff0ba0b000 	C:\WINDOWS\System32\ucrtbase.dll
0x00007ffebb620000 - 0x00007ffebb63e000 	c:\Users\elvia\.vscode\extensions\redhat.java-1.45.0-win32-x64\jre\21.0.8-win32-x86_64\bin\VCRUNTIME140.dll
0x00007ffebbbe0000 - 0x00007ffebbbf8000 	c:\Users\elvia\.vscode\extensions\redhat.java-1.45.0-win32-x64\jre\21.0.8-win32-x86_64\bin\jli.dll
0x00007fff0dfd0000 - 0x00007fff0e195000 	C:\WINDOWS\System32\USER32.dll
0x00007fff0b710000 - 0x00007fff0b737000 	C:\WINDOWS\System32\win32u.dll
0x00007fff0c0c0000 - 0x00007fff0c0eb000 	C:\WINDOWS\System32\GDI32.dll
0x00007ffef1810000 - 0x00007ffef1aaa000 	C:\WINDOWS\WinSxS\amd64_microsoft.windows.common-controls_6595b64144ccf1df_6.0.26100.4768_none_3e0c112ce331287c\COMCTL32.dll
0x00007fff0bd80000 - 0x00007fff0beb8000 	C:\WINDOWS\System32\gdi32full.dll
0x00007fff0c220000 - 0x00007fff0c2c9000 	C:\WINDOWS\System32\msvcrt.dll
0x00007fff0bec0000 - 0x00007fff0bf63000 	C:\WINDOWS\System32\msvcp_win.dll
0x00007fff0c880000 - 0x00007fff0c8af000 	C:\WINDOWS\System32\IMM32.DLL
0x00007ffee0da0000 - 0x00007ffee0dac000 	c:\Users\elvia\.vscode\extensions\redhat.java-1.45.0-win32-x64\jre\21.0.8-win32-x86_64\bin\vcruntime140_1.dll
0x00007ffea25c0000 - 0x00007ffea264d000 	c:\Users\elvia\.vscode\extensions\redhat.java-1.45.0-win32-x64\jre\21.0.8-win32-x86_64\bin\msvcp140.dll
0x00007ffe9fa00000 - 0x00007ffea0797000 	c:\Users\elvia\.vscode\extensions\redhat.java-1.45.0-win32-x64\jre\21.0.8-win32-x86_64\bin\server\jvm.dll
0x00007fff0c160000 - 0x00007fff0c214000 	C:\WINDOWS\System32\ADVAPI32.dll
0x00007fff0dd30000 - 0x00007fff0ddd6000 	C:\WINDOWS\System32\sechost.dll
0x00007fff0c2d0000 - 0x00007fff0c3e8000 	C:\WINDOWS\System32\RPCRT4.dll
0x00007fff0c910000 - 0x00007fff0c984000 	C:\WINDOWS\System32\WS2_32.dll
0x00007fff0b170000 - 0x00007fff0b1ce000 	C:\WINDOWS\SYSTEM32\POWRPROF.dll
0x00007fff04e10000 - 0x00007fff04e1b000 	C:\WINDOWS\SYSTEM32\VERSION.dll
0x00007fff04dd0000 - 0x00007fff04e05000 	C:\WINDOWS\SYSTEM32\WINMM.dll
0x00007fff0b150000 - 0x00007fff0b164000 	C:\WINDOWS\SYSTEM32\UMPDC.dll
0x00007fff09ff0000 - 0x00007fff0a00b000 	C:\WINDOWS\SYSTEM32\kernel.appcore.dll
0x00007ffedee60000 - 0x00007ffedee6a000 	c:\Users\elvia\.vscode\extensions\redhat.java-1.45.0-win32-x64\jre\21.0.8-win32-x86_64\bin\jimage.dll
0x00007fff086f0000 - 0x00007fff08931000 	C:\WINDOWS\SYSTEM32\DBGHELP.DLL
0x00007fff0cc10000 - 0x00007fff0cf95000 	C:\WINDOWS\System32\combase.dll
0x00007fff0c700000 - 0x00007fff0c7e0000 	C:\WINDOWS\System32\OLEAUT32.dll
0x00007ffef1c20000 - 0x00007ffef1c63000 	C:\WINDOWS\SYSTEM32\dbgcore.DLL
0x00007fff0bad0000 - 0x00007fff0bb69000 	C:\WINDOWS\System32\bcryptPrimitives.dll
0x00007ffedea90000 - 0x00007ffedea9f000 	c:\Users\elvia\.vscode\extensions\redhat.java-1.45.0-win32-x64\jre\21.0.8-win32-x86_64\bin\instrument.dll
0x00007ffeaff20000 - 0x00007ffeaff3f000 	c:\Users\elvia\.vscode\extensions\redhat.java-1.45.0-win32-x64\jre\21.0.8-win32-x86_64\bin\java.dll
0x00007fff0cfa0000 - 0x00007fff0d6ed000 	C:\WINDOWS\System32\SHELL32.dll
0x00007fff0bb70000 - 0x00007fff0bce3000 	C:\WINDOWS\System32\wintypes.dll
0x00007fff08ee0000 - 0x00007fff09740000 	C:\WINDOWS\SYSTEM32\windows.storage.dll
0x00007fff0db80000 - 0x00007fff0dc75000 	C:\WINDOWS\System32\SHCORE.dll
0x00007fff0c0f0000 - 0x00007fff0c15a000 	C:\WINDOWS\System32\shlwapi.dll
0x00007fff0b230000 - 0x00007fff0b259000 	C:\WINDOWS\SYSTEM32\profapi.dll
0x00007ffeaf250000 - 0x00007ffeaf268000 	c:\Users\elvia\.vscode\extensions\redhat.java-1.45.0-win32-x64\jre\21.0.8-win32-x86_64\bin\zip.dll
0x00007ffede620000 - 0x00007ffede630000 	C:\Users\elvia\.vscode\extensions\redhat.java-1.45.0-win32-x64\jre\21.0.8-win32-x86_64\bin\net.dll
0x00007fff02540000 - 0x00007fff0265e000 	C:\WINDOWS\SYSTEM32\WINHTTP.dll
0x00007fff0a620000 - 0x00007fff0a68b000 	C:\WINDOWS\system32\mswsock.dll
0x00007ffeaf0c0000 - 0x00007ffeaf0d6000 	C:\Users\elvia\.vscode\extensions\redhat.java-1.45.0-win32-x64\jre\21.0.8-win32-x86_64\bin\nio.dll
0x00007ffed9520000 - 0x00007ffed9530000 	c:\Users\elvia\.vscode\extensions\redhat.java-1.45.0-win32-x64\jre\21.0.8-win32-x86_64\bin\verify.dll
0x00007ffea2050000 - 0x00007ffea2094000 	C:\Users\elvia\AppData\Roaming\Code\User\globalStorage\redhat.java\1.45.0\config_win\org.eclipse.equinox.launcher\org.eclipse.equinox.launcher.win32.win32.x86_64_1.2.1400.v20250801-0854\eclipse_11916.dll
0x00007fff0c990000 - 0x00007fff0cb30000 	C:\WINDOWS\System32\ole32.dll
0x00007fff0a8e0000 - 0x00007fff0a8fb000 	C:\WINDOWS\SYSTEM32\CRYPTSP.dll
0x00007fff0a010000 - 0x00007fff0a04b000 	C:\WINDOWS\system32\rsaenh.dll
0x00007fff0a6c0000 - 0x00007fff0a6eb000 	C:\WINDOWS\SYSTEM32\USERENV.dll
0x00007fff0b200000 - 0x00007fff0b226000 	C:\WINDOWS\SYSTEM32\bcrypt.dll
0x00007fff0a900000 - 0x00007fff0a90c000 	C:\WINDOWS\SYSTEM32\CRYPTBASE.dll
0x00007fff09ab0000 - 0x00007fff09ae3000 	C:\WINDOWS\SYSTEM32\IPHLPAPI.DLL
0x00007fff0c7f0000 - 0x00007fff0c7fa000 	C:\WINDOWS\System32\NSI.dll
0x00007ffea1f10000 - 0x00007ffea1f59000 	C:\Users\elvia\AppData\Local\Temp\jna-96609799\jna17316871991642218070.dll
0x00007fff0cb70000 - 0x00007fff0cb78000 	C:\WINDOWS\System32\PSAPI.DLL
0x00007fff05030000 - 0x00007fff0504f000 	C:\WINDOWS\SYSTEM32\dhcpcsvc6.DLL
0x00007fff05000000 - 0x00007fff05025000 	C:\WINDOWS\SYSTEM32\dhcpcsvc.DLL
0x00007ffed7660000 - 0x00007ffed766e000 	C:\Users\elvia\.vscode\extensions\redhat.java-1.45.0-win32-x64\jre\21.0.8-win32-x86_64\bin\sunmscapi.dll
0x00007fff0b740000 - 0x00007fff0b8b7000 	C:\WINDOWS\System32\CRYPT32.dll
0x00007fff0ab00000 - 0x00007fff0ab30000 	C:\WINDOWS\SYSTEM32\ncrypt.dll
0x00007fff0aab0000 - 0x00007fff0aaef000 	C:\WINDOWS\SYSTEM32\NTASN1.dll

JVMTI agents:
c:\Users\elvia\.vscode\extensions\redhat.java-1.45.0-win32-x64\lombok\lombok-1.18.39-4050.jar path:c:\Users\elvia\.vscode\extensions\redhat.java-1.45.0-win32-x64\jre\21.0.8-win32-x86_64\bin\instrument.dll, loaded, initialized, instrumentlib options:none

dbghelp: loaded successfully - version: 4.0.5 - missing functions: none
symbol engine: initialized successfully - sym options: 0x614 - pdb path: .;c:\Users\elvia\.vscode\extensions\redhat.java-1.45.0-win32-x64\jre\21.0.8-win32-x86_64\bin;C:\WINDOWS\SYSTEM32;C:\WINDOWS\WinSxS\amd64_microsoft.windows.common-controls_6595b64144ccf1df_6.0.26100.4768_none_3e0c112ce331287c;c:\Users\elvia\.vscode\extensions\redhat.java-1.45.0-win32-x64\jre\21.0.8-win32-x86_64\bin\server;C:\Users\elvia\AppData\Roaming\Code\User\globalStorage\redhat.java\1.45.0\config_win\org.eclipse.equinox.launcher\org.eclipse.equinox.launcher.win32.win32.x86_64_1.2.1400.v20250801-0854;C:\Users\elvia\AppData\Local\Temp\jna-96609799

VM Arguments:
jvm_args: --add-modules=ALL-SYSTEM --add-opens=java.base/java.util=ALL-UNNAMED --add-opens=java.base/java.lang=ALL-UNNAMED --add-opens=java.base/sun.nio.fs=ALL-UNNAMED -Declipse.application=org.eclipse.jdt.ls.core.id1 -Dosgi.bundles.defaultStartLevel=4 -Declipse.product=org.eclipse.jdt.ls.core.product -Djava.import.generatesMetadataFilesAtProjectRoot=false -DDetectVMInstallationsJob.disabled=true -Dfile.encoding=utf8 -XX:+UseParallelGC -XX:GCTimeRatio=4 -XX:AdaptiveSizePolicyWeight=90 -Dsun.zip.disableMemoryMapping=true -Xmx2G -Xms100m -Xlog:disable -javaagent:c:\Users\elvia\.vscode\extensions\redhat.java-1.45.0-win32-x64\lombok\lombok-1.18.39-4050.jar -XX:+HeapDumpOnOutOfMemoryError -XX:HeapDumpPath=c:\Users\elvia\AppData\Roaming\Code\User\workspaceStorage\d9b0343f0cd8a68769fed1784d2f9a62\redhat.java -Daether.dependencyCollector.impl=bf 
java_command: c:\Users\elvia\.vscode\extensions\redhat.java-1.45.0-win32-x64\server\plugins\org.eclipse.equinox.launcher_1.7.0.v20250519-0528.jar -configuration c:\Users\elvia\AppData\Roaming\Code\User\globalStorage\redhat.java\1.45.0\config_win -data c:\Users\elvia\AppData\Roaming\Code\User\workspaceStorage\d9b0343f0cd8a68769fed1784d2f9a62\redhat.java\jdt_ws --pipe=\\.\pipe\lsp-f2eb9e257cc49d9ef461670fc249d2ac-sock
java_class_path (initial): c:\Users\elvia\.vscode\extensions\redhat.java-1.45.0-win32-x64\server\plugins\org.eclipse.equinox.launcher_1.7.0.v20250519-0528.jar
Launcher Type: SUN_STANDARD

[Global flags]
    uintx AdaptiveSizePolicyWeight                 = 90                                        {product} {command line}
     intx CICompilerCount                          = 4                                         {product} {ergonomic}
    uintx GCTimeRatio                              = 4                                         {product} {command line}
     bool HeapDumpOnOutOfMemoryError               = true                                   {manageable} {command line}
    ccstr HeapDumpPath                             = c:\Users\elvia\AppData\Roaming\Code\User\workspaceStorage\d9b0343f0cd8a68769fed1784d2f9a62\redhat.java         {manageable} {command line}
   size_t InitialHeapSize                          = 104857600                                 {product} {command line}
   size_t MaxHeapSize                              = 2147483648                                {product} {command line}
   size_t MaxNewSize                               = 715653120                                 {product} {ergonomic}
   size_t MinHeapDeltaBytes                        = 524288                                    {product} {ergonomic}
   size_t MinHeapSize                              = 104857600                                 {product} {command line}
   size_t NewSize                                  = 34603008                                  {product} {ergonomic}
    uintx NonNMethodCodeHeapSize                   = 5839372                                {pd product} {ergonomic}
    uintx NonProfiledCodeHeapSize                  = 122909434                              {pd product} {ergonomic}
   size_t OldSize                                  = 70254592                                  {product} {ergonomic}
    uintx ProfiledCodeHeapSize                     = 122909434                              {pd product} {ergonomic}
    uintx ReservedCodeCacheSize                    = 251658240                              {pd product} {ergonomic}
     bool SegmentedCodeCache                       = true                                      {product} {ergonomic}
   size_t SoftMaxHeapSize                          = 2147483648                             {manageable} {ergonomic}
     bool UseCompressedOops                        = true                           {product lp64_product} {ergonomic}
     bool UseLargePagesIndividualAllocation        = false                                  {pd product} {ergonomic}
     bool UseParallelGC                            = true                                      {product} {command line}

Logging:
Log output configuration:
 #0: stdout all=off uptime,level,tags foldmultilines=false
 #1: stderr all=off uptime,level,tags foldmultilines=false

Environment Variables:
JAVA_HOME=C:\Program Files\Java\jdk-24.0.2
PATH=C:\WINDOWS\system32;C:\WINDOWS;C:\WINDOWS\System32\Wbem;C:\WINDOWS\System32\WindowsPowerShell\v1.0\;C:\WINDOWS\System32\OpenSSH\;C:\Program Files (x86)\Microsoft SQL Server\160\Tools\Binn\;C:\Program Files\Microsoft SQL Server\160\Tools\Binn\;C:\Program Files\Microsoft SQL Server\Client SDK\ODBC\170\Tools\Binn\;C:\Program Files\Microsoft SQL Server\160\DTS\Binn\;C:\Program Files (x86)\Microsoft SQL Server\160\DTS\Binn\;C:\Program Files\nodejs\;C:\xampp\php;C:\Users\elvia\Downloads\apache-maven-3.9.11\bin;C:\Program Files\Java\jdk-17.0.12\bin;C:\Users\elvia\AppData\Local\Microsoft\WindowsApps;C:\Users\elvia\AppData\Local\Programs\Microsoft VS Code\bin;C:\Users\elvia\AppData\Roaming\npm;C:\Program Files\Java\jdk-24.0.2\bin;
USERNAME=elvia
OS=Windows_NT
PROCESSOR_IDENTIFIER=AMD64 Family 25 Model 80 Stepping 0, AuthenticAMD
TMP=C:\Users\elvia\AppData\Local\Temp
TEMP=C:\Users\elvia\AppData\Local\Temp




Periodic native trim disabled

---------------  S Y S T E M  ---------------

OS:
 Windows 11 , 64 bit Build 26100 (10.0.26100.4768)
OS uptime: 4 days 0:45 hours
Hyper-V role detected

CPU: total 12 (initial active 12) (12 cores per cpu, 2 threads per core) family 25 model 80 stepping 0 microcode 0xa500011, cx8, cmov, fxsr, ht, mmx, 3dnowpref, sse, sse2, sse3, ssse3, sse4a, sse4.1, sse4.2, popcnt, lzcnt, tsc, tscinvbit, avx, avx2, aes, erms, clmul, bmi1, bmi2, adx, sha, fma, vzeroupper, clflush, clflushopt, hv, rdtscp, rdpid, fsrm, f16c, cet_ss
Processor Information for the first 12 processors :
  Max Mhz: 2301, Current Mhz: 2301, Mhz Limit: 2301

Memory: 4k page, system-wide physical 7531M (636M free)
TotalPageFile size 16018M (AvailPageFile size 14M)
current process WorkingSet (physical memory assigned to process): 291M, peak: 292M
current process commit charge ("private bytes"): 386M, peak: 392M

vm_info: OpenJDK 64-Bit Server VM (21.0.8+9-LTS) for windows-amd64 JRE (21.0.8+9-LTS), built on 2025-07-15T00:00:00Z by "admin" with MS VC++ 17.7 (VS2022)

END.
