#
# There is insufficient memory for the Java Runtime Environment to continue.
# Native memory allocation (malloc) failed to allocate 442416 bytes. Error detail: Chunk::new
# Possible reasons:
#   The system is out of physical RAM or swap space
#   This process is running with CompressedOops enabled, and the Java Heap may be blocking the growth of the native heap
# Possible solutions:
#   Reduce memory load on the system
#   Increase physical memory or swap space
#   Check if swap backing store is full
#   Decrease Java heap size (-Xmx/-Xms)
#   Decrease number of Java threads
#   Decrease Java thread stack sizes (-Xss)
#   Set larger code cache with -XX:ReservedCodeCacheSize=
#   JVM is running with Unscaled Compressed Oops mode in which the Java heap is
#     placed in the first 4GB address space. The Java Heap base address is the
#     maximum limit for the native heap growth. Please use -XX:HeapBaseMinAddress
#     to set the Java Heap base and to place the Java Heap above 4GB virtual address.
# This output file may be truncated or incomplete.
#
#  Out of Memory Error (arena.cpp:168), pid=14792, tid=11900
#
# JRE version: OpenJDK Runtime Environment Temurin-21.0.8+9 (21.0.8+9) (build 21.0.8+9-LTS)
# Java VM: OpenJDK 64-Bit Server VM Temurin-21.0.8+9 (21.0.8+9-LTS, mixed mode, sharing, tiered, compressed oops, compressed class ptrs, parallel gc, windows-amd64)
# No core dump will be written. Minidumps are not enabled by default on client versions of Windows
#

---------------  S U M M A R Y ------------

Command Line: --add-modules=ALL-SYSTEM --add-opens=java.base/java.util=ALL-UNNAMED --add-opens=java.base/java.lang=ALL-UNNAMED --add-opens=java.base/sun.nio.fs=ALL-UNNAMED -Declipse.application=org.eclipse.jdt.ls.core.id1 -Dosgi.bundles.defaultStartLevel=4 -Declipse.product=org.eclipse.jdt.ls.core.product -Djava.import.generatesMetadataFilesAtProjectRoot=false -DDetectVMInstallationsJob.disabled=true -Dfile.encoding=utf8 -XX:+UseParallelGC -XX:GCTimeRatio=4 -XX:AdaptiveSizePolicyWeight=90 -Dsun.zip.disableMemoryMapping=true -Xmx2G -Xms100m -Xlog:disable -javaagent:c:\Users\elvia\.vscode\extensions\redhat.java-1.45.0-win32-x64\lombok\lombok-1.18.39-4050.jar -XX:+HeapDumpOnOutOfMemoryError -XX:HeapDumpPath=c:\Users\elvia\AppData\Roaming\Code\User\workspaceStorage\d9b0343f0cd8a68769fed1784d2f9a62\redhat.java -Daether.dependencyCollector.impl=bf c:\Users\elvia\.vscode\extensions\redhat.java-1.45.0-win32-x64\server\plugins\org.eclipse.equinox.launcher_1.7.0.v20250519-0528.jar -configuration c:\Users\elvia\AppData\Roaming\Code\User\globalStorage\redhat.java\1.45.0\config_win -data c:\Users\elvia\AppData\Roaming\Code\User\workspaceStorage\d9b0343f0cd8a68769fed1784d2f9a62\redhat.java\jdt_ws --pipe=\\.\pipe\lsp-8d5e25d82f285820110a4f9e917627f8-sock

Host: AMD Ryzen 5 5625U with Radeon Graphics         , 12 cores, 7G,  Windows 11 , 64 bit Build 26100 (10.0.26100.4768)
Time: Mon Sep 15 19:47:15 2025 Hora est. Pacífico, Sudamérica elapsed time: 27.029570 seconds (0d 0h 0m 27s)

---------------  T H R E A D  ---------------

Current thread (0x0000014f7701df60):  JavaThread "C2 CompilerThread0" daemon [_thread_in_native, id=11900, stack(0x0000004d08d00000,0x0000004d08e00000) (1024K)]


Current CompileTask:
C2:27029 13619       4       org.eclipse.jdt.internal.compiler.classfmt.ModuleInfo::readModuleAttribute (1166 bytes)

Stack: [0x0000004d08d00000,0x0000004d08e00000]
Native frames: (J=compiled Java code, j=interpreted, Vv=VM code, C=native code)
V  [jvm.dll+0x6d2449]
V  [jvm.dll+0x8ae341]
V  [jvm.dll+0x8b08be]
V  [jvm.dll+0x8b0fa3]
V  [jvm.dll+0x280c96]
V  [jvm.dll+0xc581d]
V  [jvm.dll+0xc5d53]
V  [jvm.dll+0x2f539d]
V  [jvm.dll+0x5fa00a]
V  [jvm.dll+0x252092]
V  [jvm.dll+0x24a56e]
V  [jvm.dll+0x2483a4]
V  [jvm.dll+0x1c89ee]
V  [jvm.dll+0x257d4d]
V  [jvm.dll+0x2562ea]
V  [jvm.dll+0x3f2d16]
V  [jvm.dll+0x857e6b]
V  [jvm.dll+0x6d0b0d]
C  [ucrtbase.dll+0x37b0]
C  [KERNEL32.DLL+0x2e8d7]
C  [ntdll.dll+0x3c34c]


---------------  P R O C E S S  ---------------

Threads class SMR info:
_java_thread_list=0x0000014f79702340, length=91, elements={
0x0000014f16f083c0, 0x0000014f77000080, 0x0000014f77002b00, 0x0000014f77005a40,
0x0000014f77006a40, 0x0000014f7700a9c0, 0x0000014f770112c0, 0x0000014f7701df60,
0x0000014f7701e9f0, 0x0000014f770decc0, 0x0000014f773ac840, 0x0000014f77ebd980,
0x0000014f77f58520, 0x0000014f77d79a70, 0x0000014f77c2bf60, 0x0000014f78079800,
0x0000014f781a0400, 0x0000014f783cb5e0, 0x0000014f783cc990, 0x0000014f783cc300,
0x0000014f783cd020, 0x0000014f783cbc70, 0x0000014f783cd6b0, 0x0000014f783ca230,
0x0000014f7acacdd0, 0x0000014f7acaad00, 0x0000014f7acac740, 0x0000014f7acaa670,
0x0000014f7aca9950, 0x0000014f7acaba20, 0x0000014f7acad460, 0x0000014f7acac0b0,
0x0000014f7acab390, 0x0000014f7aca9fe0, 0x0000014f7acb08e0, 0x0000014f7acb0f70,
0x0000014f7acafbc0, 0x0000014f7acae180, 0x0000014f7acb0250, 0x0000014f7acadaf0,
0x0000014f7acae810, 0x0000014f7acaeea0, 0x0000014f7acaf530, 0x0000014f7a6220c0,
0x0000014f7a622750, 0x0000014f7a620d10, 0x0000014f7a6213a0, 0x0000014f7a622de0,
0x0000014f7a621a30, 0x0000014f7a61f960, 0x0000014f7a61fff0, 0x0000014f7a620680,
0x0000014f79a13740, 0x0000014f79a12390, 0x0000014f79a13dd0, 0x0000014f79a12a20,
0x0000014f79a11670, 0x0000014f79a11d00, 0x0000014f79a10950, 0x0000014f79a16530,
0x0000014f79a130b0, 0x0000014f79a16bc0, 0x0000014f79a15180, 0x0000014f79a14460,
0x0000014f79a15ea0, 0x0000014f79a17250, 0x0000014f79a178e0, 0x0000014f79a17f70,
0x0000014f79a14af0, 0x0000014f79a15810, 0x0000014f783caf50, 0x0000014f7c583610,
0x0000014f7c582260, 0x0000014f7c580eb0, 0x0000014f7c5828f0, 0x0000014f7c581540,
0x0000014f7c582f80, 0x0000014f7c583ca0, 0x0000014f7c584330, 0x0000014f7c585050,
0x0000014f7c581bd0, 0x0000014f7c586a90, 0x0000014f7c5877b0, 0x0000014f7c5856e0,
0x0000014f7c587e40, 0x0000014f7c585d70, 0x0000014f7c5849c0, 0x0000014f7c5884d0,
0x0000014f7c586400, 0x0000014f775fc1a0, 0x0000014f77add020
}

Java Threads: ( => current thread )
  0x0000014f16f083c0 JavaThread "main"                              [_thread_blocked, id=18752, stack(0x0000004d08300000,0x0000004d08400000) (1024K)]
  0x0000014f77000080 JavaThread "Reference Handler"          daemon [_thread_blocked, id=4604, stack(0x0000004d08700000,0x0000004d08800000) (1024K)]
  0x0000014f77002b00 JavaThread "Finalizer"                  daemon [_thread_blocked, id=14912, stack(0x0000004d08800000,0x0000004d08900000) (1024K)]
  0x0000014f77005a40 JavaThread "Signal Dispatcher"          daemon [_thread_blocked, id=16872, stack(0x0000004d08900000,0x0000004d08a00000) (1024K)]
  0x0000014f77006a40 JavaThread "Attach Listener"            daemon [_thread_blocked, id=9900, stack(0x0000004d08a00000,0x0000004d08b00000) (1024K)]
  0x0000014f7700a9c0 JavaThread "Service Thread"             daemon [_thread_blocked, id=4176, stack(0x0000004d08b00000,0x0000004d08c00000) (1024K)]
  0x0000014f770112c0 JavaThread "Monitor Deflation Thread"   daemon [_thread_blocked, id=17508, stack(0x0000004d08c00000,0x0000004d08d00000) (1024K)]
=>0x0000014f7701df60 JavaThread "C2 CompilerThread0"         daemon [_thread_in_native, id=11900, stack(0x0000004d08d00000,0x0000004d08e00000) (1024K)]
  0x0000014f7701e9f0 JavaThread "C1 CompilerThread0"         daemon [_thread_in_native, id=17888, stack(0x0000004d08e00000,0x0000004d08f00000) (1024K)]
  0x0000014f770decc0 JavaThread "Common-Cleaner"             daemon [_thread_blocked, id=20444, stack(0x0000004d08f00000,0x0000004d09000000) (1024K)]
  0x0000014f773ac840 JavaThread "Notification Thread"        daemon [_thread_blocked, id=14696, stack(0x0000004d09100000,0x0000004d09200000) (1024K)]
  0x0000014f77ebd980 JavaThread "Active Thread: Equinox Container: 87dd5cb1-6221-4dac-aece-798fd8d69167"        [_thread_blocked, id=4364, stack(0x0000004d09900000,0x0000004d09a00000) (1024K)]
  0x0000014f77f58520 JavaThread "Refresh Thread: Equinox Container: 87dd5cb1-6221-4dac-aece-798fd8d69167" daemon [_thread_blocked, id=14076, stack(0x0000004d09b00000,0x0000004d09c00000) (1024K)]
  0x0000014f77d79a70 JavaThread "Framework Event Dispatcher: Equinox Container: 87dd5cb1-6221-4dac-aece-798fd8d69167" daemon [_thread_blocked, id=20436, stack(0x0000004d09c00000,0x0000004d09d00000) (1024K)]
  0x0000014f77c2bf60 JavaThread "Start Level: Equinox Container: 87dd5cb1-6221-4dac-aece-798fd8d69167" daemon [_thread_blocked, id=14288, stack(0x0000004d09d00000,0x0000004d09e00000) (1024K)]
  0x0000014f78079800 JavaThread "Bundle File Closer"         daemon [_thread_blocked, id=16388, stack(0x0000004d0a000000,0x0000004d0a100000) (1024K)]
  0x0000014f781a0400 JavaThread "SCR Component Actor"        daemon [_thread_blocked, id=7708, stack(0x0000004d0a100000,0x0000004d0a200000) (1024K)]
  0x0000014f783cb5e0 JavaThread "Worker-JM"                         [_thread_blocked, id=2204, stack(0x0000004d0a300000,0x0000004d0a400000) (1024K)]
  0x0000014f783cc990 JavaThread "JNA Cleaner"                daemon [_thread_blocked, id=15248, stack(0x0000004d09000000,0x0000004d09100000) (1024K)]
  0x0000014f783cc300 JavaThread "Worker-0"                          [_thread_blocked, id=12948, stack(0x0000004d09200000,0x0000004d09300000) (1024K)]
  0x0000014f783cd020 JavaThread "Worker-1"                          [_thread_blocked, id=1048, stack(0x0000004d0a400000,0x0000004d0a500000) (1024K)]
  0x0000014f783cbc70 JavaThread "Worker-2"                          [_thread_blocked, id=16116, stack(0x0000004d0a600000,0x0000004d0a700000) (1024K)]
  0x0000014f783cd6b0 JavaThread "Java indexing"              daemon [_thread_blocked, id=7136, stack(0x0000004d0a700000,0x0000004d0a800000) (1024K)]
  0x0000014f783ca230 JavaThread "Worker-3"                          [_thread_blocked, id=4032, stack(0x0000004d0ab00000,0x0000004d0ac00000) (1024K)]
  0x0000014f7acacdd0 JavaThread "Worker-4"                          [_thread_blocked, id=2984, stack(0x0000004d0ac00000,0x0000004d0ad00000) (1024K)]
  0x0000014f7acaad00 JavaThread "Thread-2"                   daemon [_thread_in_native, id=3080, stack(0x0000004d0ad00000,0x0000004d0ae00000) (1024K)]
  0x0000014f7acac740 JavaThread "Thread-3"                   daemon [_thread_in_native, id=15664, stack(0x0000004d0ae00000,0x0000004d0af00000) (1024K)]
  0x0000014f7acaa670 JavaThread "Thread-4"                   daemon [_thread_in_native, id=10600, stack(0x0000004d0af00000,0x0000004d0b000000) (1024K)]
  0x0000014f7aca9950 JavaThread "Thread-5"                   daemon [_thread_in_native, id=20068, stack(0x0000004d0b000000,0x0000004d0b100000) (1024K)]
  0x0000014f7acaba20 JavaThread "Thread-6"                   daemon [_thread_in_native, id=3192, stack(0x0000004d0b100000,0x0000004d0b200000) (1024K)]
  0x0000014f7acad460 JavaThread "Thread-7"                   daemon [_thread_in_native, id=8344, stack(0x0000004d0b200000,0x0000004d0b300000) (1024K)]
  0x0000014f7acac0b0 JavaThread "Thread-8"                   daemon [_thread_in_native, id=9000, stack(0x0000004d0b300000,0x0000004d0b400000) (1024K)]
  0x0000014f7acab390 JavaThread "Thread-9"                   daemon [_thread_in_native, id=7684, stack(0x0000004d0b400000,0x0000004d0b500000) (1024K)]
  0x0000014f7aca9fe0 JavaThread "Thread-10"                  daemon [_thread_in_native, id=23760, stack(0x0000004d0b500000,0x0000004d0b600000) (1024K)]
  0x0000014f7acb08e0 JavaThread "Thread-11"                  daemon [_thread_in_native, id=9316, stack(0x0000004d0b600000,0x0000004d0b700000) (1024K)]
  0x0000014f7acb0f70 JavaThread "Thread-12"                  daemon [_thread_in_native, id=10536, stack(0x0000004d0b700000,0x0000004d0b800000) (1024K)]
  0x0000014f7acafbc0 JavaThread "Thread-13"                  daemon [_thread_in_native, id=16920, stack(0x0000004d0b800000,0x0000004d0b900000) (1024K)]
  0x0000014f7acae180 JavaThread "Thread-14"                  daemon [_thread_in_native, id=18956, stack(0x0000004d0b900000,0x0000004d0ba00000) (1024K)]
  0x0000014f7acb0250 JavaThread "pool-2-thread-1"                   [_thread_blocked, id=12276, stack(0x0000004d0ba00000,0x0000004d0bb00000) (1024K)]
  0x0000014f7acadaf0 JavaThread "WorkspaceEventsHandler"            [_thread_blocked, id=18280, stack(0x0000004d0bb00000,0x0000004d0bc00000) (1024K)]
  0x0000014f7acae810 JavaThread "pool-1-thread-1"                   [_thread_blocked, id=20952, stack(0x0000004d0bc00000,0x0000004d0bd00000) (1024K)]
  0x0000014f7acaeea0 JavaThread "ForkJoinPool.commonPool-worker-1" daemon [_thread_blocked, id=21860, stack(0x0000004d0bd00000,0x0000004d0be00000) (1024K)]
  0x0000014f7acaf530 JavaThread "ForkJoinPool.commonPool-worker-2" daemon [_thread_blocked, id=5580, stack(0x0000004d0be00000,0x0000004d0bf00000) (1024K)]
  0x0000014f7a6220c0 JavaThread "ForkJoinPool.commonPool-worker-3" daemon [_thread_blocked, id=12928, stack(0x0000004d0bf00000,0x0000004d0c000000) (1024K)]
  0x0000014f7a622750 JavaThread "ForkJoinPool.commonPool-worker-4" daemon [_thread_blocked, id=17496, stack(0x0000004d0c000000,0x0000004d0c100000) (1024K)]
  0x0000014f7a620d10 JavaThread "ForkJoinPool.commonPool-worker-5" daemon [_thread_blocked, id=21956, stack(0x0000004d0c100000,0x0000004d0c200000) (1024K)]
  0x0000014f7a6213a0 JavaThread "ForkJoinPool.commonPool-worker-6" daemon [_thread_blocked, id=14992, stack(0x0000004d0c200000,0x0000004d0c300000) (1024K)]
  0x0000014f7a622de0 JavaThread "ForkJoinPool.commonPool-worker-7" daemon [_thread_blocked, id=14928, stack(0x0000004d0c300000,0x0000004d0c400000) (1024K)]
  0x0000014f7a621a30 JavaThread "ForkJoinPool.commonPool-worker-8" daemon [_thread_blocked, id=25416, stack(0x0000004d0c400000,0x0000004d0c500000) (1024K)]
  0x0000014f7a61f960 JavaThread "ForkJoinPool.commonPool-worker-9" daemon [_thread_blocked, id=22536, stack(0x0000004d0c500000,0x0000004d0c600000) (1024K)]
  0x0000014f7a61fff0 JavaThread "ForkJoinPool.commonPool-worker-10" daemon [_thread_blocked, id=12172, stack(0x0000004d0c600000,0x0000004d0c700000) (1024K)]
  0x0000014f7a620680 JavaThread "ForkJoinPool.commonPool-worker-11" daemon [_thread_blocked, id=19080, stack(0x0000004d0c700000,0x0000004d0c800000) (1024K)]
  0x0000014f79a13740 JavaThread "Cleaner-0"                  daemon [_thread_blocked, id=18264, stack(0x0000004d0c800000,0x0000004d0c900000) (1024K)]
  0x0000014f79a12390 JavaThread "LocalFile Deleter"          daemon [_thread_blocked, id=3064, stack(0x0000004d0a500000,0x0000004d0a600000) (1024K)]
  0x0000014f79a13dd0 JavaThread "LocalFile Deleter"          daemon [_thread_blocked, id=6656, stack(0x0000004d0a800000,0x0000004d0a900000) (1024K)]
  0x0000014f79a12a20 JavaThread "LocalFile Deleter"          daemon [_thread_blocked, id=24408, stack(0x0000004d0c900000,0x0000004d0ca00000) (1024K)]
  0x0000014f79a11670 JavaThread "LocalFile Deleter"          daemon [_thread_blocked, id=10776, stack(0x0000004d0ca00000,0x0000004d0cb00000) (1024K)]
  0x0000014f79a11d00 JavaThread "LocalFile Deleter"          daemon [_thread_blocked, id=22868, stack(0x0000004d0cb00000,0x0000004d0cc00000) (1024K)]
  0x0000014f79a10950 JavaThread "LocalFile Deleter"          daemon [_thread_blocked, id=15220, stack(0x0000004d0cc00000,0x0000004d0cd00000) (1024K)]
  0x0000014f79a16530 JavaThread "LocalFile Deleter"          daemon [_thread_blocked, id=1320, stack(0x0000004d0cd00000,0x0000004d0ce00000) (1024K)]
  0x0000014f79a130b0 JavaThread "LocalFile Deleter"          daemon [_thread_blocked, id=20560, stack(0x0000004d0ce00000,0x0000004d0cf00000) (1024K)]
  0x0000014f79a16bc0 JavaThread "LocalFile Deleter"          daemon [_thread_blocked, id=25508, stack(0x0000004d0cf00000,0x0000004d0d000000) (1024K)]
  0x0000014f79a15180 JavaThread "LocalFile Deleter"          daemon [_thread_blocked, id=4332, stack(0x0000004d0d000000,0x0000004d0d100000) (1024K)]
  0x0000014f79a14460 JavaThread "LocalFile Deleter"          daemon [_thread_blocked, id=5584, stack(0x0000004d0d100000,0x0000004d0d200000) (1024K)]
  0x0000014f79a15ea0 JavaThread "LocalFile Deleter"          daemon [_thread_blocked, id=8712, stack(0x0000004d0d200000,0x0000004d0d300000) (1024K)]
  0x0000014f79a17250 JavaThread "Compiler Source File Reader" daemon [_thread_blocked, id=8996, stack(0x0000004d0d300000,0x0000004d0d400000) (1024K)]
  0x0000014f79a178e0 JavaThread "Compiler Source File Reader" daemon [_thread_blocked, id=21720, stack(0x0000004d0d400000,0x0000004d0d500000) (1024K)]
  0x0000014f79a17f70 JavaThread "Compiler Source File Reader" daemon [_thread_blocked, id=19448, stack(0x0000004d0d500000,0x0000004d0d600000) (1024K)]
  0x0000014f79a14af0 JavaThread "Compiler Source File Reader" daemon [_thread_blocked, id=16036, stack(0x0000004d0d600000,0x0000004d0d700000) (1024K)]
  0x0000014f79a15810 JavaThread "Compiler Source File Reader" daemon [_thread_blocked, id=17536, stack(0x0000004d0d700000,0x0000004d0d800000) (1024K)]
  0x0000014f783caf50 JavaThread "Compiler Source File Reader" daemon [_thread_blocked, id=20084, stack(0x0000004d0d800000,0x0000004d0d900000) (1024K)]
  0x0000014f7c583610 JavaThread "Compiler Source File Reader" daemon [_thread_blocked, id=3952, stack(0x0000004d0d900000,0x0000004d0da00000) (1024K)]
  0x0000014f7c582260 JavaThread "Compiler Source File Reader" daemon [_thread_blocked, id=20364, stack(0x0000004d0da00000,0x0000004d0db00000) (1024K)]
  0x0000014f7c580eb0 JavaThread "Compiler Source File Reader" daemon [_thread_blocked, id=15432, stack(0x0000004d0db00000,0x0000004d0dc00000) (1024K)]
  0x0000014f7c5828f0 JavaThread "Compiler Source File Reader" daemon [_thread_blocked, id=19500, stack(0x0000004d0dc00000,0x0000004d0dd00000) (1024K)]
  0x0000014f7c581540 JavaThread "Compiler Processing Task"   daemon [_thread_blocked, id=24472, stack(0x0000004d0dd00000,0x0000004d0de00000) (1024K)]
  0x0000014f7c582f80 JavaThread "Compiler Class File Writer" daemon [_thread_blocked, id=15228, stack(0x0000004d0de00000,0x0000004d0df00000) (1024K)]
  0x0000014f7c583ca0 JavaThread "Compiler Class File Writer" daemon [_thread_blocked, id=5396, stack(0x0000004d0df00000,0x0000004d0e000000) (1024K)]
  0x0000014f7c584330 JavaThread "Compiler Class File Writer" daemon [_thread_blocked, id=19516, stack(0x0000004d0e000000,0x0000004d0e100000) (1024K)]
  0x0000014f7c585050 JavaThread "Compiler Class File Writer" daemon [_thread_blocked, id=23392, stack(0x0000004d0e100000,0x0000004d0e200000) (1024K)]
  0x0000014f7c581bd0 JavaThread "Compiler Class File Writer" daemon [_thread_blocked, id=22000, stack(0x0000004d0e200000,0x0000004d0e300000) (1024K)]
  0x0000014f7c586a90 JavaThread "Compiler Class File Writer" daemon [_thread_blocked, id=24664, stack(0x0000004d0e300000,0x0000004d0e400000) (1024K)]
  0x0000014f7c5877b0 JavaThread "Compiler Class File Writer" daemon [_thread_blocked, id=22728, stack(0x0000004d0e400000,0x0000004d0e500000) (1024K)]
  0x0000014f7c5856e0 JavaThread "Compiler Class File Writer" daemon [_thread_blocked, id=17252, stack(0x0000004d0e500000,0x0000004d0e600000) (1024K)]
  0x0000014f7c587e40 JavaThread "Compiler Class File Writer" daemon [_thread_blocked, id=10360, stack(0x0000004d0e600000,0x0000004d0e700000) (1024K)]
  0x0000014f7c585d70 JavaThread "Compiler Class File Writer" daemon [_thread_blocked, id=7528, stack(0x0000004d0e700000,0x0000004d0e800000) (1024K)]
  0x0000014f7c5849c0 JavaThread "Worker-5"                          [_thread_blocked, id=11316, stack(0x0000004d0e800000,0x0000004d0e900000) (1024K)]
  0x0000014f7c5884d0 JavaThread "HttpClient-1-SelectorManager" daemon [_thread_in_native, id=18572, stack(0x0000004d0e900000,0x0000004d0ea00000) (1024K)]
  0x0000014f7c586400 JavaThread "HttpClient-1-Worker-0"      daemon [_thread_blocked, id=7748, stack(0x0000004d0eb00000,0x0000004d0ec00000) (1024K)]
  0x0000014f775fc1a0 JavaThread "HttpClient-1-Worker-1"      daemon [_thread_blocked, id=20508, stack(0x0000004d0ec00000,0x0000004d0ed00000) (1024K)]
  0x0000014f77add020 JavaThread "C2 CompilerThread1"         daemon [_thread_in_native, id=1676, stack(0x0000004d0a200000,0x0000004d0a300000) (1024K)]
Total: 91

Other Threads:
  0x0000014f2fdd2b80 VMThread "VM Thread"                           [id=4068, stack(0x0000004d08600000,0x0000004d08700000) (1024K)]
  0x0000014f193b4d90 WatcherThread "VM Periodic Task Thread"        [id=17164, stack(0x0000004d08500000,0x0000004d08600000) (1024K)]
  0x0000014f19368a10 WorkerThread "GC Thread#0"                     [id=18336, stack(0x0000004d08400000,0x0000004d08500000) (1024K)]
  0x0000014f77a20110 WorkerThread "GC Thread#1"                     [id=12544, stack(0x0000004d09300000,0x0000004d09400000) (1024K)]
  0x0000014f77a204b0 WorkerThread "GC Thread#2"                     [id=1612, stack(0x0000004d09400000,0x0000004d09500000) (1024K)]
  0x0000014f77a20850 WorkerThread "GC Thread#3"                     [id=18240, stack(0x0000004d09500000,0x0000004d09600000) (1024K)]
  0x0000014f77658fd0 WorkerThread "GC Thread#4"                     [id=4620, stack(0x0000004d09600000,0x0000004d09700000) (1024K)]
  0x0000014f77659370 WorkerThread "GC Thread#5"                     [id=25356, stack(0x0000004d09700000,0x0000004d09800000) (1024K)]
  0x0000014f77659710 WorkerThread "GC Thread#6"                     [id=6572, stack(0x0000004d09800000,0x0000004d09900000) (1024K)]
  0x0000014f77c1ad50 WorkerThread "GC Thread#7"                     [id=17636, stack(0x0000004d09a00000,0x0000004d09b00000) (1024K)]
  0x0000014f77fbf610 WorkerThread "GC Thread#8"                     [id=9952, stack(0x0000004d09e00000,0x0000004d09f00000) (1024K)]
  0x0000014f782f2a90 WorkerThread "GC Thread#9"                     [id=15932, stack(0x0000004d09f00000,0x0000004d0a000000) (1024K)]
Total: 12

Threads with active compile tasks:
C2 CompilerThread0  27066 13619       4       org.eclipse.jdt.internal.compiler.classfmt.ModuleInfo::readModuleAttribute (1166 bytes)
C1 CompilerThread0  27066 13658   !   3       org.eclipse.jdt.internal.compiler.lookup.Scope::getBinding (1562 bytes)
C2 CompilerThread1  27066 13648       4       org.eclipse.jdt.internal.compiler.lookup.LookupEnvironment::getTypeFromTypeSignature (770 bytes)
Total: 3

VM state: not at safepoint (normal execution)

VM Mutex/Monitor currently owned by a thread: None

Heap address: 0x0000000080000000, size: 2048 MB, Compressed Oops mode: 32-bit

CDS archive(s) mapped at: [0x0000014f30000000-0x0000014f30ba0000-0x0000014f30ba0000), size 12189696, SharedBaseAddress: 0x0000014f30000000, ArchiveRelocationMode: 1.
Compressed class space mapped at: 0x0000014f31000000-0x0000014f71000000, reserved size: 1073741824
Narrow klass base: 0x0000014f30000000, Narrow klass shift: 0, Narrow klass range: 0x100000000

GC Precious Log:
 CardTable entry size: 512
 CPUs: 12 total, 12 available
 Memory: 7531M
 Large Page Support: Disabled
 NUMA Support: Disabled
 Compressed Oops: Enabled (32-bit)
 Alignments: Space 512K, Generation 512K, Heap 2M
 Heap Min Capacity: 100M
 Heap Initial Capacity: 100M
 Heap Max Capacity: 2G
 Pre-touch: Disabled
 Parallel Workers: 10

Heap:
 PSYoungGen      total 2048K, used 1328K [0x00000000d5580000, 0x00000000d5880000, 0x0000000100000000)
  eden space 1536K, 61% used [0x00000000d5580000,0x00000000d566c068,0x00000000d5700000)
  from space 512K, 75% used [0x00000000d5780000,0x00000000d57e0000,0x00000000d5800000)
  to   space 512K, 0% used [0x00000000d5800000,0x00000000d5800000,0x00000000d5880000)
 ParOldGen       total 212480K, used 212478K [0x0000000080000000, 0x000000008cf80000, 0x00000000d5580000)
  object space 212480K, 99% used [0x0000000080000000,0x000000008cf7f980,0x000000008cf80000)
 Metaspace       used 77620K, committed 79424K, reserved 1179648K
  class space    used 8351K, committed 9152K, reserved 1048576K

Card table byte_map: [0x0000014f18cf0000,0x0000014f19100000] _byte_map_base: 0x0000014f188f0000

Marking Bits: (ParMarkBitMap*) 0x00007ffea06ba340
 Begin Bits: [0x0000014f2b7f0000, 0x0000014f2d7f0000)
 End Bits:   [0x0000014f2d7f0000, 0x0000014f2f7f0000)

Polling page: 0x0000014f17590000

Metaspace:

Usage:
  Non-class:     67.65 MB used.
      Class:      8.16 MB used.
       Both:     75.80 MB used.

Virtual space:
  Non-class space:      128.00 MB reserved,      68.62 MB ( 54%) committed,  2 nodes.
      Class space:        1.00 GB reserved,       8.94 MB ( <1%) committed,  1 nodes.
             Both:        1.12 GB reserved,      77.56 MB (  7%) committed. 

Chunk freelists:
   Non-Class:  10.68 MB
       Class:  7.06 MB
        Both:  17.74 MB

MaxMetaspaceSize: unlimited
CompressedClassSpaceSize: 1.00 GB
Initial GC threshold: 21.00 MB
Current GC threshold: 97.31 MB
CDS: on
 - commit_granule_bytes: 65536.
 - commit_granule_words: 8192.
 - virtual_space_node_default_size: 8388608.
 - enlarge_chunks_in_place: 1.
 - use_allocation_guard: 0.


Internal statistics:

num_allocs_failed_limit: 9.
num_arena_births: 1450.
num_arena_deaths: 14.
num_vsnodes_births: 3.
num_vsnodes_deaths: 0.
num_space_committed: 1241.
num_space_uncommitted: 0.
num_chunks_returned_to_freelist: 23.
num_chunks_taken_from_freelist: 5150.
num_chunk_merges: 10.
num_chunk_splits: 3064.
num_chunks_enlarged: 1630.
num_inconsistent_stats: 0.

CodeHeap 'non-profiled nmethods': size=120000Kb used=8183Kb max_used=8183Kb free=111816Kb
 bounds [0x0000014f24010000, 0x0000014f24810000, 0x0000014f2b540000]
CodeHeap 'profiled nmethods': size=120000Kb used=28510Kb max_used=28510Kb free=91490Kb
 bounds [0x0000014f1c540000, 0x0000014f1e120000, 0x0000014f23a70000]
CodeHeap 'non-nmethods': size=5760Kb used=1499Kb max_used=1567Kb free=4260Kb
 bounds [0x0000014f23a70000, 0x0000014f23ce0000, 0x0000014f24010000]
CodeCache: size=245760Kb, used=38192Kb, max_used=38260Kb, free=207566Kb
 total_blobs=13682, nmethods=12863, adapters=723, full_count=0
Compilation: enabled, stopped_count=0, restarted_count=0

Compilation events (20 events):
Event: 27.005 Thread 0x0000014f7701e9f0 nmethod 13645 0x0000014f1e10fe90 code [0x0000014f1e1100c0, 0x0000014f1e110698]
Event: 27.005 Thread 0x0000014f7701e9f0 13646       3       org.eclipse.jdt.internal.compiler.lookup.ClassScope::buildMethods (591 bytes)
Event: 27.007 Thread 0x0000014f77add020 nmethod 13623 0x0000014f2480ce10 code [0x0000014f2480cfa0, 0x0000014f2480d038]
Event: 27.008 Thread 0x0000014f77add020 13629       4       java.util.regex.Pattern$Caret::match (124 bytes)
Event: 27.009 Thread 0x0000014f7701e9f0 nmethod 13646 0x0000014f1e110990 code [0x0000014f1e110ea0, 0x0000014f1e114620]
Event: 27.010 Thread 0x0000014f7701e9f0 13639       1       lombok.core.handlers.HandlerUtil::primeForNull (3 bytes)
Event: 27.010 Thread 0x0000014f7701e9f0 nmethod 13639 0x0000014f2480d110 code [0x0000014f2480d2a0, 0x0000014f2480d348]
Event: 27.010 Thread 0x0000014f7701e9f0 13647       3       org.eclipse.jdt.internal.core.CompilationUnit::isPrimary (14 bytes)
Event: 27.010 Thread 0x0000014f7701e9f0 nmethod 13647 0x0000014f1e115910 code [0x0000014f1e115ac0, 0x0000014f1e115c40]
Event: 27.011 Thread 0x0000014f77add020 nmethod 13629 0x0000014f2480d410 code [0x0000014f2480d600, 0x0000014f2480d990]
Event: 27.011 Thread 0x0000014f7701e9f0 13649       3       java.lang.StringLatin1::indexOf (37 bytes)
Event: 27.011 Thread 0x0000014f77add020 13648       4       org.eclipse.jdt.internal.compiler.lookup.LookupEnvironment::getTypeFromTypeSignature (770 bytes)
Event: 27.012 Thread 0x0000014f7701e9f0 nmethod 13649 0x0000014f1e115d10 code [0x0000014f1e115f00, 0x0000014f1e1162d0]
Event: 27.012 Thread 0x0000014f7701e9f0 13650       3       java.lang.StringLatin1::canEncode (13 bytes)
Event: 27.012 Thread 0x0000014f7701e9f0 nmethod 13650 0x0000014f1e116490 code [0x0000014f1e116620, 0x0000014f1e116760]
Event: 27.015 Thread 0x0000014f7701e9f0 13654       3       org.eclipse.jdt.internal.compiler.lookup.ImplicitNullAnnotationVerifier::<init> (20 bytes)
Event: 27.016 Thread 0x0000014f7701e9f0 nmethod 13654 0x0000014f1e116810 code [0x0000014f1e1169c0, 0x0000014f1e116b60]
Event: 27.016 Thread 0x0000014f7701e9f0 13656       3       org.eclipse.jdt.internal.compiler.lookup.ImplicitNullAnnotationVerifier::findAllOverriddenMethods (100 bytes)
Event: 27.016 Thread 0x0000014f7701e9f0 nmethod 13656 0x0000014f1e116c10 code [0x0000014f1e116e40, 0x0000014f1e117520]
Event: 27.016 Thread 0x0000014f7701e9f0 13658   !   3       org.eclipse.jdt.internal.compiler.lookup.Scope::getBinding (1562 bytes)

GC Heap History (20 events):
Event: 24.168 GC heap before
{Heap before GC invocations=276 (full 3):
 PSYoungGen      total 2048K, used 1824K [0x00000000d5580000, 0x00000000d5880000, 0x0000000100000000)
  eden space 1536K, 100% used [0x00000000d5580000,0x00000000d5700000,0x00000000d5700000)
  from space 512K, 56% used [0x00000000d5700000,0x00000000d5748000,0x00000000d5780000)
  to   space 512K, 0% used [0x00000000d5800000,0x00000000d5800000,0x00000000d5880000)
 ParOldGen       total 207360K, used 206960K [0x0000000080000000, 0x000000008ca80000, 0x00000000d5580000)
  object space 207360K, 99% used [0x0000000080000000,0x000000008ca1c178,0x000000008ca80000)
 Metaspace       used 76938K, committed 78656K, reserved 1179648K
  class space    used 8256K, committed 9024K, reserved 1048576K
}
Event: 24.169 GC heap after
{Heap after GC invocations=276 (full 3):
 PSYoungGen      total 2048K, used 352K [0x00000000d5580000, 0x00000000d5880000, 0x0000000100000000)
  eden space 1536K, 0% used [0x00000000d5580000,0x00000000d5580000,0x00000000d5700000)
  from space 512K, 68% used [0x00000000d5800000,0x00000000d5858000,0x00000000d5880000)
  to   space 512K, 0% used [0x00000000d5700000,0x00000000d5700000,0x00000000d5780000)
 ParOldGen       total 207360K, used 207064K [0x0000000080000000, 0x000000008ca80000, 0x00000000d5580000)
  object space 207360K, 99% used [0x0000000080000000,0x000000008ca36188,0x000000008ca80000)
 Metaspace       used 76938K, committed 78656K, reserved 1179648K
  class space    used 8256K, committed 9024K, reserved 1048576K
}
Event: 24.177 GC heap before
{Heap before GC invocations=277 (full 3):
 PSYoungGen      total 2048K, used 1762K [0x00000000d5580000, 0x00000000d5880000, 0x0000000100000000)
  eden space 1536K, 91% used [0x00000000d5580000,0x00000000d56e0ad0,0x00000000d5700000)
  from space 512K, 68% used [0x00000000d5800000,0x00000000d5858000,0x00000000d5880000)
  to   space 512K, 0% used [0x00000000d5700000,0x00000000d5700000,0x00000000d5780000)
 ParOldGen       total 207360K, used 207064K [0x0000000080000000, 0x000000008ca80000, 0x00000000d5580000)
  object space 207360K, 99% used [0x0000000080000000,0x000000008ca36188,0x000000008ca80000)
 Metaspace       used 77064K, committed 78848K, reserved 1179648K
  class space    used 8273K, committed 9088K, reserved 1048576K
}
Event: 24.178 GC heap after
{Heap after GC invocations=277 (full 3):
 PSYoungGen      total 2048K, used 469K [0x00000000d5580000, 0x00000000d5880000, 0x0000000100000000)
  eden space 1536K, 0% used [0x00000000d5580000,0x00000000d5580000,0x00000000d5700000)
  from space 512K, 91% used [0x00000000d5700000,0x00000000d5775600,0x00000000d5780000)
  to   space 512K, 0% used [0x00000000d5800000,0x00000000d5800000,0x00000000d5880000)
 ParOldGen       total 208384K, used 208258K [0x0000000080000000, 0x000000008cb80000, 0x00000000d5580000)
  object space 208384K, 99% used [0x0000000080000000,0x000000008cb60a68,0x000000008cb80000)
 Metaspace       used 77064K, committed 78848K, reserved 1179648K
  class space    used 8273K, committed 9088K, reserved 1048576K
}
Event: 24.179 GC heap before
{Heap before GC invocations=278 (full 3):
 PSYoungGen      total 2048K, used 2005K [0x00000000d5580000, 0x00000000d5880000, 0x0000000100000000)
  eden space 1536K, 100% used [0x00000000d5580000,0x00000000d5700000,0x00000000d5700000)
  from space 512K, 91% used [0x00000000d5700000,0x00000000d5775600,0x00000000d5780000)
  to   space 512K, 0% used [0x00000000d5800000,0x00000000d5800000,0x00000000d5880000)
 ParOldGen       total 208384K, used 208258K [0x0000000080000000, 0x000000008cb80000, 0x00000000d5580000)
  object space 208384K, 99% used [0x0000000080000000,0x000000008cb60a68,0x000000008cb80000)
 Metaspace       used 77065K, committed 78848K, reserved 1179648K
  class space    used 8273K, committed 9088K, reserved 1048576K
}
Event: 24.181 GC heap after
{Heap after GC invocations=278 (full 3):
 PSYoungGen      total 2048K, used 501K [0x00000000d5580000, 0x00000000d5980000, 0x0000000100000000)
  eden space 1536K, 0% used [0x00000000d5580000,0x00000000d5580000,0x00000000d5700000)
  from space 512K, 97% used [0x00000000d5800000,0x00000000d587d5e0,0x00000000d5880000)
  to   space 1024K, 0% used [0x00000000d5700000,0x00000000d5700000,0x00000000d5800000)
 ParOldGen       total 211456K, used 211241K [0x0000000080000000, 0x000000008ce80000, 0x00000000d5580000)
  object space 211456K, 99% used [0x0000000080000000,0x000000008ce4a760,0x000000008ce80000)
 Metaspace       used 77065K, committed 78848K, reserved 1179648K
  class space    used 8273K, committed 9088K, reserved 1048576K
}
Event: 24.188 GC heap before
{Heap before GC invocations=279 (full 3):
 PSYoungGen      total 2048K, used 2037K [0x00000000d5580000, 0x00000000d5980000, 0x0000000100000000)
  eden space 1536K, 100% used [0x00000000d5580000,0x00000000d5700000,0x00000000d5700000)
  from space 512K, 97% used [0x00000000d5800000,0x00000000d587d5e0,0x00000000d5880000)
  to   space 1024K, 0% used [0x00000000d5700000,0x00000000d5700000,0x00000000d5800000)
 ParOldGen       total 211456K, used 211241K [0x0000000080000000, 0x000000008ce80000, 0x00000000d5580000)
  object space 211456K, 99% used [0x0000000080000000,0x000000008ce4a760,0x000000008ce80000)
 Metaspace       used 77089K, committed 78848K, reserved 1179648K
  class space    used 8273K, committed 9088K, reserved 1048576K
}
Event: 24.189 GC heap after
{Heap after GC invocations=279 (full 3):
 PSYoungGen      total 2560K, used 288K [0x00000000d5580000, 0x00000000d5880000, 0x0000000100000000)
  eden space 1536K, 0% used [0x00000000d5580000,0x00000000d5580000,0x00000000d5700000)
  from space 1024K, 28% used [0x00000000d5700000,0x00000000d5748000,0x00000000d5800000)
  to   space 512K, 0% used [0x00000000d5800000,0x00000000d5800000,0x00000000d5880000)
 ParOldGen       total 211456K, used 211297K [0x0000000080000000, 0x000000008ce80000, 0x00000000d5580000)
  object space 211456K, 99% used [0x0000000080000000,0x000000008ce58760,0x000000008ce80000)
 Metaspace       used 77089K, committed 78848K, reserved 1179648K
  class space    used 8273K, committed 9088K, reserved 1048576K
}
Event: 24.213 GC heap before
{Heap before GC invocations=280 (full 3):
 PSYoungGen      total 2560K, used 1823K [0x00000000d5580000, 0x00000000d5880000, 0x0000000100000000)
  eden space 1536K, 99% used [0x00000000d5580000,0x00000000d56fffe0,0x00000000d5700000)
  from space 1024K, 28% used [0x00000000d5700000,0x00000000d5748000,0x00000000d5800000)
  to   space 512K, 0% used [0x00000000d5800000,0x00000000d5800000,0x00000000d5880000)
 ParOldGen       total 211456K, used 211297K [0x0000000080000000, 0x000000008ce80000, 0x00000000d5580000)
  object space 211456K, 99% used [0x0000000080000000,0x000000008ce58760,0x000000008ce80000)
 Metaspace       used 77331K, committed 79104K, reserved 1179648K
  class space    used 8307K, committed 9088K, reserved 1048576K
}
Event: 24.214 GC heap after
{Heap after GC invocations=280 (full 3):
 PSYoungGen      total 2048K, used 320K [0x00000000d5580000, 0x00000000d5880000, 0x0000000100000000)
  eden space 1536K, 0% used [0x00000000d5580000,0x00000000d5580000,0x00000000d5700000)
  from space 512K, 62% used [0x00000000d5800000,0x00000000d5850000,0x00000000d5880000)
  to   space 512K, 0% used [0x00000000d5780000,0x00000000d5780000,0x00000000d5800000)
 ParOldGen       total 211456K, used 211449K [0x0000000080000000, 0x000000008ce80000, 0x00000000d5580000)
  object space 211456K, 99% used [0x0000000080000000,0x000000008ce7e760,0x000000008ce80000)
 Metaspace       used 77331K, committed 79104K, reserved 1179648K
  class space    used 8307K, committed 9088K, reserved 1048576K
}
Event: 24.233 GC heap before
{Heap before GC invocations=281 (full 3):
 PSYoungGen      total 2048K, used 1856K [0x00000000d5580000, 0x00000000d5880000, 0x0000000100000000)
  eden space 1536K, 100% used [0x00000000d5580000,0x00000000d5700000,0x00000000d5700000)
  from space 512K, 62% used [0x00000000d5800000,0x00000000d5850000,0x00000000d5880000)
  to   space 512K, 0% used [0x00000000d5780000,0x00000000d5780000,0x00000000d5800000)
 ParOldGen       total 211456K, used 211449K [0x0000000080000000, 0x000000008ce80000, 0x00000000d5580000)
  object space 211456K, 99% used [0x0000000080000000,0x000000008ce7e760,0x000000008ce80000)
 Metaspace       used 77520K, committed 79232K, reserved 1179648K
  class space    used 8337K, committed 9088K, reserved 1048576K
}
Event: 24.234 GC heap after
{Heap after GC invocations=281 (full 3):
 PSYoungGen      total 2048K, used 352K [0x00000000d5580000, 0x00000000d5880000, 0x0000000100000000)
  eden space 1536K, 0% used [0x00000000d5580000,0x00000000d5580000,0x00000000d5700000)
  from space 512K, 68% used [0x00000000d5780000,0x00000000d57d8000,0x00000000d5800000)
  to   space 512K, 0% used [0x00000000d5800000,0x00000000d5800000,0x00000000d5880000)
 ParOldGen       total 211968K, used 211569K [0x0000000080000000, 0x000000008cf00000, 0x00000000d5580000)
  object space 211968K, 99% used [0x0000000080000000,0x000000008ce9c770,0x000000008cf00000)
 Metaspace       used 77520K, committed 79232K, reserved 1179648K
  class space    used 8337K, committed 9088K, reserved 1048576K
}
Event: 26.978 GC heap before
{Heap before GC invocations=282 (full 3):
 PSYoungGen      total 2048K, used 1888K [0x00000000d5580000, 0x00000000d5880000, 0x0000000100000000)
  eden space 1536K, 100% used [0x00000000d5580000,0x00000000d5700000,0x00000000d5700000)
  from space 512K, 68% used [0x00000000d5780000,0x00000000d57d8000,0x00000000d5800000)
  to   space 512K, 0% used [0x00000000d5800000,0x00000000d5800000,0x00000000d5880000)
 ParOldGen       total 211968K, used 211569K [0x0000000080000000, 0x000000008cf00000, 0x00000000d5580000)
  object space 211968K, 99% used [0x0000000080000000,0x000000008ce9c770,0x000000008cf00000)
 Metaspace       used 77592K, committed 79296K, reserved 1179648K
  class space    used 8350K, committed 9088K, reserved 1048576K
}
Event: 26.979 GC heap after
{Heap after GC invocations=282 (full 3):
 PSYoungGen      total 2048K, used 346K [0x00000000d5580000, 0x00000000d5880000, 0x0000000100000000)
  eden space 1536K, 0% used [0x00000000d5580000,0x00000000d5580000,0x00000000d5700000)
  from space 512K, 67% used [0x00000000d5800000,0x00000000d5856900,0x00000000d5880000)
  to   space 512K, 0% used [0x00000000d5780000,0x00000000d5780000,0x00000000d5800000)
 ParOldGen       total 211968K, used 211785K [0x0000000080000000, 0x000000008cf00000, 0x00000000d5580000)
  object space 211968K, 99% used [0x0000000080000000,0x000000008ced2770,0x000000008cf00000)
 Metaspace       used 77592K, committed 79296K, reserved 1179648K
  class space    used 8350K, committed 9088K, reserved 1048576K
}
Event: 26.987 GC heap before
{Heap before GC invocations=283 (full 3):
 PSYoungGen      total 2048K, used 1882K [0x00000000d5580000, 0x00000000d5880000, 0x0000000100000000)
  eden space 1536K, 100% used [0x00000000d5580000,0x00000000d5700000,0x00000000d5700000)
  from space 512K, 67% used [0x00000000d5800000,0x00000000d5856900,0x00000000d5880000)
  to   space 512K, 0% used [0x00000000d5780000,0x00000000d5780000,0x00000000d5800000)
 ParOldGen       total 211968K, used 211785K [0x0000000080000000, 0x000000008cf00000, 0x00000000d5580000)
  object space 211968K, 99% used [0x0000000080000000,0x000000008ced2770,0x000000008cf00000)
 Metaspace       used 77596K, committed 79296K, reserved 1179648K
  class space    used 8350K, committed 9088K, reserved 1048576K
}
Event: 26.989 GC heap after
{Heap after GC invocations=283 (full 3):
 PSYoungGen      total 2048K, used 432K [0x00000000d5580000, 0x00000000d5880000, 0x0000000100000000)
  eden space 1536K, 0% used [0x00000000d5580000,0x00000000d5580000,0x00000000d5700000)
  from space 512K, 84% used [0x00000000d5780000,0x00000000d57ec010,0x00000000d5800000)
  to   space 512K, 0% used [0x00000000d5800000,0x00000000d5800000,0x00000000d5880000)
 ParOldGen       total 211968K, used 211942K [0x0000000080000000, 0x000000008cf00000, 0x00000000d5580000)
  object space 211968K, 99% used [0x0000000080000000,0x000000008cef9970,0x000000008cf00000)
 Metaspace       used 77596K, committed 79296K, reserved 1179648K
  class space    used 8350K, committed 9088K, reserved 1048576K
}
Event: 26.999 GC heap before
{Heap before GC invocations=284 (full 3):
 PSYoungGen      total 2048K, used 1968K [0x00000000d5580000, 0x00000000d5880000, 0x0000000100000000)
  eden space 1536K, 100% used [0x00000000d5580000,0x00000000d5700000,0x00000000d5700000)
  from space 512K, 84% used [0x00000000d5780000,0x00000000d57ec010,0x00000000d5800000)
  to   space 512K, 0% used [0x00000000d5800000,0x00000000d5800000,0x00000000d5880000)
 ParOldGen       total 211968K, used 211942K [0x0000000080000000, 0x000000008cf00000, 0x00000000d5580000)
  object space 211968K, 99% used [0x0000000080000000,0x000000008cef9970,0x000000008cf00000)
 Metaspace       used 77598K, committed 79296K, reserved 1179648K
  class space    used 8350K, committed 9088K, reserved 1048576K
}
Event: 27.000 GC heap after
{Heap after GC invocations=284 (full 3):
 PSYoungGen      total 2048K, used 352K [0x00000000d5580000, 0x00000000d5880000, 0x0000000100000000)
  eden space 1536K, 0% used [0x00000000d5580000,0x00000000d5580000,0x00000000d5700000)
  from space 512K, 68% used [0x00000000d5800000,0x00000000d5858000,0x00000000d5880000)
  to   space 512K, 0% used [0x00000000d5780000,0x00000000d5780000,0x00000000d5800000)
 ParOldGen       total 212480K, used 212286K [0x0000000080000000, 0x000000008cf80000, 0x00000000d5580000)
  object space 212480K, 99% used [0x0000000080000000,0x000000008cf4f980,0x000000008cf80000)
 Metaspace       used 77598K, committed 79296K, reserved 1179648K
  class space    used 8350K, committed 9088K, reserved 1048576K
}
Event: 27.012 GC heap before
{Heap before GC invocations=285 (full 3):
 PSYoungGen      total 2048K, used 1888K [0x00000000d5580000, 0x00000000d5880000, 0x0000000100000000)
  eden space 1536K, 100% used [0x00000000d5580000,0x00000000d5700000,0x00000000d5700000)
  from space 512K, 68% used [0x00000000d5800000,0x00000000d5858000,0x00000000d5880000)
  to   space 512K, 0% used [0x00000000d5780000,0x00000000d5780000,0x00000000d5800000)
 ParOldGen       total 212480K, used 212286K [0x0000000080000000, 0x000000008cf80000, 0x00000000d5580000)
  object space 212480K, 99% used [0x0000000080000000,0x000000008cf4f980,0x000000008cf80000)
 Metaspace       used 77614K, committed 79296K, reserved 1179648K
  class space    used 8350K, committed 9088K, reserved 1048576K
}
Event: 27.014 GC heap after
{Heap after GC invocations=285 (full 3):
 PSYoungGen      total 2048K, used 384K [0x00000000d5580000, 0x00000000d5880000, 0x0000000100000000)
  eden space 1536K, 0% used [0x00000000d5580000,0x00000000d5580000,0x00000000d5700000)
  from space 512K, 75% used [0x00000000d5780000,0x00000000d57e0000,0x00000000d5800000)
  to   space 512K, 0% used [0x00000000d5800000,0x00000000d5800000,0x00000000d5880000)
 ParOldGen       total 212480K, used 212478K [0x0000000080000000, 0x000000008cf80000, 0x00000000d5580000)
  object space 212480K, 99% used [0x0000000080000000,0x000000008cf7f980,0x000000008cf80000)
 Metaspace       used 77614K, committed 79296K, reserved 1179648K
  class space    used 8350K, committed 9088K, reserved 1048576K
}

Dll operation events (12 events):
Event: 0.012 Loaded shared library c:\Users\elvia\.vscode\extensions\redhat.java-1.45.0-win32-x64\jre\21.0.8-win32-x86_64\bin\java.dll
Event: 0.080 Loaded shared library c:\Users\elvia\.vscode\extensions\redhat.java-1.45.0-win32-x64\jre\21.0.8-win32-x86_64\bin\zip.dll
Event: 0.106 Loaded shared library C:\Users\elvia\.vscode\extensions\redhat.java-1.45.0-win32-x64\jre\21.0.8-win32-x86_64\bin\instrument.dll
Event: 0.113 Loaded shared library C:\Users\elvia\.vscode\extensions\redhat.java-1.45.0-win32-x64\jre\21.0.8-win32-x86_64\bin\net.dll
Event: 0.116 Loaded shared library C:\Users\elvia\.vscode\extensions\redhat.java-1.45.0-win32-x64\jre\21.0.8-win32-x86_64\bin\nio.dll
Event: 0.119 Loaded shared library C:\Users\elvia\.vscode\extensions\redhat.java-1.45.0-win32-x64\jre\21.0.8-win32-x86_64\bin\zip.dll
Event: 0.136 Loaded shared library C:\Users\elvia\.vscode\extensions\redhat.java-1.45.0-win32-x64\jre\21.0.8-win32-x86_64\bin\jimage.dll
Event: 0.236 Loaded shared library c:\Users\elvia\.vscode\extensions\redhat.java-1.45.0-win32-x64\jre\21.0.8-win32-x86_64\bin\verify.dll
Event: 1.378 Loaded shared library C:\Users\elvia\AppData\Roaming\Code\User\globalStorage\redhat.java\1.45.0\config_win\org.eclipse.equinox.launcher\org.eclipse.equinox.launcher.win32.win32.x86_64_1.2.1400.v20250801-0854\eclipse_11916.dll
Event: 3.581 Loaded shared library C:\Users\elvia\AppData\Local\Temp\jna-96609799\jna388452950047358656.dll
Event: 23.473 Loaded shared library C:\Users\elvia\.vscode\extensions\redhat.java-1.45.0-win32-x64\jre\21.0.8-win32-x86_64\bin\sunmscapi.dll
Event: 23.562 Loaded shared library C:\Users\elvia\.vscode\extensions\redhat.java-1.45.0-win32-x64\jre\21.0.8-win32-x86_64\bin\extnet.dll

Deoptimization events (20 events):
Event: 26.997 Thread 0x0000014f7acaeea0 DEOPT PACKING pc=0x0000014f24761914 sp=0x0000004d0bdfd7e0
Event: 26.997 Thread 0x0000014f7acaeea0 DEOPT UNPACKING pc=0x0000014f23ac3aa2 sp=0x0000004d0bdfd7b0 mode 2
Event: 26.997 Thread 0x0000014f7acaeea0 Uncommon trap: trap_request=0xffffffc6 fr.pc=0x0000014f24761970 relative=0x0000000000001050
Event: 26.997 Thread 0x0000014f7acaeea0 Uncommon trap: reason=bimorphic_or_optimized_type_check action=maybe_recompile pc=0x0000014f24761970 method=org.eclipse.jdt.internal.compiler.parser.Parser.consumeRule(I)V @ 7630 c2
Event: 26.997 Thread 0x0000014f7acaeea0 DEOPT PACKING pc=0x0000014f24761970 sp=0x0000004d0bdfd7e0
Event: 26.997 Thread 0x0000014f7acaeea0 DEOPT UNPACKING pc=0x0000014f23ac3aa2 sp=0x0000004d0bdfd7b0 mode 2
Event: 26.997 Thread 0x0000014f7acaeea0 Uncommon trap: trap_request=0xffffffc6 fr.pc=0x0000014f247618b8 relative=0x0000000000000f98
Event: 26.997 Thread 0x0000014f7acaeea0 Uncommon trap: reason=bimorphic_or_optimized_type_check action=maybe_recompile pc=0x0000014f247618b8 method=org.eclipse.jdt.internal.compiler.parser.Parser.consumeRule(I)V @ 7616 c2
Event: 26.997 Thread 0x0000014f7acaeea0 DEOPT PACKING pc=0x0000014f247618b8 sp=0x0000004d0bdfd7e0
Event: 26.997 Thread 0x0000014f7acaeea0 DEOPT UNPACKING pc=0x0000014f23ac3aa2 sp=0x0000004d0bdfd7b0 mode 2
Event: 26.997 Thread 0x0000014f7acaeea0 Uncommon trap: trap_request=0xffffffc6 fr.pc=0x0000014f2476185c relative=0x0000000000000f3c
Event: 26.997 Thread 0x0000014f7acaeea0 Uncommon trap: reason=bimorphic_or_optimized_type_check action=maybe_recompile pc=0x0000014f2476185c method=org.eclipse.jdt.internal.compiler.parser.Parser.consumeRule(I)V @ 7595 c2
Event: 26.997 Thread 0x0000014f7acaeea0 DEOPT PACKING pc=0x0000014f2476185c sp=0x0000004d0bdfd7e0
Event: 26.997 Thread 0x0000014f7acaeea0 DEOPT UNPACKING pc=0x0000014f23ac3aa2 sp=0x0000004d0bdfd7a8 mode 2
Event: 27.008 Thread 0x0000014f7acaeea0 Uncommon trap: trap_request=0xffffffde fr.pc=0x0000014f247619d8 relative=0x00000000000010b8
Event: 27.008 Thread 0x0000014f7acaeea0 Uncommon trap: reason=class_check action=maybe_recompile pc=0x0000014f247619d8 method=org.eclipse.jdt.internal.compiler.parser.Parser.consumeRule(I)V @ 6809 c2
Event: 27.008 Thread 0x0000014f7acaeea0 DEOPT PACKING pc=0x0000014f247619d8 sp=0x0000004d0bdfd7e0
Event: 27.008 Thread 0x0000014f7acaeea0 DEOPT UNPACKING pc=0x0000014f23ac3aa2 sp=0x0000004d0bdfd7b0 mode 2
Event: 27.011 Thread 0x0000014f7acaeea0 DEOPT PACKING pc=0x0000014f1c57104c sp=0x0000004d0bdfcae0
Event: 27.011 Thread 0x0000014f7acaeea0 DEOPT UNPACKING pc=0x0000014f23ac4242 sp=0x0000004d0bdfbf00 mode 0

Classes loaded (20 events):
Event: 24.203 Loading class sun/security/ssl/SSLBasicKeyDerivation
Event: 24.203 Loading class sun/security/ssl/SSLBasicKeyDerivation done
Event: 24.204 Loading class sun/security/ssl/SSLBasicKeyDerivation$SecretSizeSpec
Event: 24.204 Loading class sun/security/ssl/SSLBasicKeyDerivation$SecretSizeSpec done
Event: 24.205 Loading class jdk/internal/event/TLSHandshakeEvent
Event: 24.205 Loading class jdk/internal/event/TLSHandshakeEvent done
Event: 24.205 Loading class com/sun/crypto/provider/GaloisCounterMode$GCMEncrypt
Event: 24.205 Loading class com/sun/crypto/provider/GaloisCounterMode$GCMEncrypt done
Event: 24.205 Loading class com/sun/crypto/provider/GaloisCounterMode$EncryptOp
Event: 24.205 Loading class com/sun/crypto/provider/GaloisCounterMode$EncryptOp done
Event: 24.205 Loading class sun/security/ssl/CipherSuite$1
Event: 24.205 Loading class sun/security/ssl/CipherSuite$1 done
Event: 24.231 Loading class java/util/stream/ReduceOps$6
Event: 24.231 Loading class java/util/stream/ReduceOps$6 done
Event: 24.231 Loading class java/util/stream/ReduceOps$5ReducingSink
Event: 24.231 Loading class java/util/stream/ReduceOps$5ReducingSink done
Event: 24.308 Loading class sun/security/ssl/NewSessionTicket$T13NewSessionTicketMessage
Event: 24.308 Loading class sun/security/ssl/NewSessionTicket$NewSessionTicketMessage
Event: 24.308 Loading class sun/security/ssl/NewSessionTicket$NewSessionTicketMessage done
Event: 24.308 Loading class sun/security/ssl/NewSessionTicket$T13NewSessionTicketMessage done

Classes unloaded (7 events):
Event: 4.306 Thread 0x0000014f2fdd2b80 Unloading class 0x0000014f311a7000 'java/lang/invoke/LambdaForm$MH+0x0000014f311a7000'
Event: 4.306 Thread 0x0000014f2fdd2b80 Unloading class 0x0000014f311a6c00 'java/lang/invoke/LambdaForm$MH+0x0000014f311a6c00'
Event: 4.306 Thread 0x0000014f2fdd2b80 Unloading class 0x0000014f311a6800 'java/lang/invoke/LambdaForm$MH+0x0000014f311a6800'
Event: 4.306 Thread 0x0000014f2fdd2b80 Unloading class 0x0000014f311a6400 'java/lang/invoke/LambdaForm$MH+0x0000014f311a6400'
Event: 4.306 Thread 0x0000014f2fdd2b80 Unloading class 0x0000014f311a6000 'java/lang/invoke/LambdaForm$BMH+0x0000014f311a6000'
Event: 4.306 Thread 0x0000014f2fdd2b80 Unloading class 0x0000014f311a5c00 'java/lang/invoke/LambdaForm$DMH+0x0000014f311a5c00'
Event: 4.306 Thread 0x0000014f2fdd2b80 Unloading class 0x0000014f311a4800 'java/lang/invoke/LambdaForm$DMH+0x0000014f311a4800'

Classes redefined (0 events):
No events

Internal exceptions (20 events):
Event: 18.047 Thread 0x0000014f7a620680 Exception <a 'java/lang/NoSuchMethodError'{0x00000000d5970540}: 'java.lang.Object java.lang.invoke.DirectMethodHandle$Holder.invokeSpecial(java.lang.Object, java.lang.Object, java.lang.Object, int, int)'> (0x00000000d5970540) 
thrown [s\src\hotspot\share\interpreter\linkResolver.cpp, line 773]
Event: 18.193 Thread 0x0000014f7c581540 Exception <a 'java/lang/NoSuchMethodError'{0x00000000d5737560}: 'void java.lang.invoke.DirectMethodHandle$Holder.invokeStatic(java.lang.Object, int, java.lang.Object)'> (0x00000000d5737560) 
thrown [s\src\hotspot\share\interpreter\linkResolver.cpp, line 773]
Event: 18.201 Thread 0x0000014f7a620680 Exception <a 'java/lang/NoSuchMethodError'{0x00000000d57b4668}: 'java.lang.Object java.lang.invoke.DirectMethodHandle$Holder.invokeStatic(java.lang.Object, java.lang.Object, int, int, java.lang.Object)'> (0x00000000d57b4668) 
thrown [s\src\hotspot\share\interpreter\linkResolver.cpp, line 773]
Event: 18.202 Thread 0x0000014f7a620680 Exception <a 'java/lang/NoSuchMethodError'{0x00000000d57bb578}: 'java.lang.Object java.lang.invoke.DirectMethodHandle$Holder.newInvokeSpecial(java.lang.Object, java.lang.Object, int, int, java.lang.Object)'> (0x00000000d57bb578) 
thrown [s\src\hotspot\share\interpreter\linkResolver.cpp, line 773]
Event: 18.205 Thread 0x0000014f7c581540 Implicit null exception at 0x0000014f245d169e to 0x0000014f245d190c
Event: 18.402 Thread 0x0000014f7a620680 Exception <a 'sun/nio/fs/WindowsException'{0x00000000d570fa88}> (0x00000000d570fa88) 
thrown [s\src\hotspot\share\prims\jni.cpp, line 520]
Event: 18.403 Thread 0x0000014f7a620680 Exception <a 'sun/nio/fs/WindowsException'{0x00000000d5710588}> (0x00000000d5710588) 
thrown [s\src\hotspot\share\prims\jni.cpp, line 520]
Event: 18.519 Thread 0x0000014f7a620680 Implicit null exception at 0x0000014f24299d0b to 0x0000014f2429ab10
Event: 18.637 Thread 0x0000014f7a620680 Exception <a 'sun/nio/fs/WindowsException'{0x00000000d5638af0}> (0x00000000d5638af0) 
thrown [s\src\hotspot\share\prims\jni.cpp, line 520]
Event: 18.640 Thread 0x0000014f7a620680 Exception <a 'sun/nio/fs/WindowsException'{0x00000000d563a390}> (0x00000000d563a390) 
thrown [s\src\hotspot\share\prims\jni.cpp, line 520]
Event: 18.642 Thread 0x0000014f7a620680 Exception <a 'sun/nio/fs/WindowsException'{0x00000000d563bbb0}> (0x00000000d563bbb0) 
thrown [s\src\hotspot\share\prims\jni.cpp, line 520]
Event: 18.644 Thread 0x0000014f7a620680 Exception <a 'sun/nio/fs/WindowsException'{0x00000000d563d3e8}> (0x00000000d563d3e8) 
thrown [s\src\hotspot\share\prims\jni.cpp, line 520]
Event: 18.646 Thread 0x0000014f7a620680 Exception <a 'sun/nio/fs/WindowsException'{0x00000000d563ec20}> (0x00000000d563ec20) 
thrown [s\src\hotspot\share\prims\jni.cpp, line 520]
Event: 20.202 Thread 0x0000014f7acaf530 Exception <a 'java/lang/ArrayIndexOutOfBoundsException'{0x00000000d5721638}> (0x00000000d5721638) 
thrown [s\src\hotspot\share\runtime\sharedRuntime.cpp, line 625]
Event: 21.180 Thread 0x0000014f7a620680 Exception <a 'java/lang/NoSuchMethodError'{0x00000000d57db1d8}: 'java.lang.Object java.lang.invoke.DirectMethodHandle$Holder.invokeStaticInit(java.lang.Object, java.lang.Object, java.lang.Object)'> (0x00000000d57db1d8) 
thrown [s\src\hotspot\share\interpreter\linkResolver.cpp, line 773]
Event: 22.078 Thread 0x0000014f783cc300 Implicit null exception at 0x0000014f24724220 to 0x0000014f24724440
Event: 22.790 Thread 0x0000014f7acae810 Exception <a 'java/lang/IncompatibleClassChangeError'{0x00000000d5603688}: Found class java.lang.Object, but interface was expected> (0x00000000d5603688) 
thrown [s\src\hotspot\share\interpreter\linkResolver.cpp, line 840]
Event: 23.252 Thread 0x0000014f7a620680 Exception <a 'java/lang/NoSuchMethodError'{0x00000000d564a098}: 'java.lang.Object java.lang.invoke.DirectMethodHandle$Holder.invokeStaticInit(java.lang.Object, java.lang.Object, int)'> (0x00000000d564a098) 
thrown [s\src\hotspot\share\interpreter\linkResolver.cpp, line 773]
Event: 23.591 Thread 0x0000014f7a620680 Exception <a 'java/lang/NoSuchMethodError'{0x00000000d55819f8}: 'void java.lang.invoke.DirectMethodHandle$Holder.invokeStatic(java.lang.Object, java.lang.Object, java.lang.Object, java.lang.Object, java.lang.Object, java.lang.Object, java.lang.Object)'> (0x00000000d55819f8) 
thrown [s\src\hotspot\share\interpreter\linkResolver.cpp, line 773]
Event: 23.874 Thread 0x0000014f7c5884d0 Exception <a 'java/lang/NoSuchMethodError'{0x00000000d567ad78}: 'void java.lang.invoke.DirectMethodHandle$Holder.invokeStatic(java.lang.Object, java.lang.Object, int)'> (0x00000000d567ad78) 
thrown [s\src\hotspot\share\interpreter\linkResolver.cpp, line 773]

ZGC Phase Switch (0 events):
No events

VM Operations (20 events):
Event: 24.177 Executing VM operation: ParallelGCFailedAllocation (Allocation Failure)
Event: 24.178 Executing VM operation: ParallelGCFailedAllocation (Allocation Failure) done
Event: 24.179 Executing VM operation: ParallelGCFailedAllocation (Allocation Failure)
Event: 24.181 Executing VM operation: ParallelGCFailedAllocation (Allocation Failure) done
Event: 24.188 Executing VM operation: ParallelGCFailedAllocation (Allocation Failure)
Event: 24.189 Executing VM operation: ParallelGCFailedAllocation (Allocation Failure) done
Event: 24.213 Executing VM operation: ParallelGCFailedAllocation (Allocation Failure)
Event: 24.214 Executing VM operation: ParallelGCFailedAllocation (Allocation Failure) done
Event: 24.233 Executing VM operation: ParallelGCFailedAllocation (Allocation Failure)
Event: 24.234 Executing VM operation: ParallelGCFailedAllocation (Allocation Failure) done
Event: 25.235 Executing VM operation: Cleanup
Event: 25.235 Executing VM operation: Cleanup done
Event: 26.978 Executing VM operation: ParallelGCFailedAllocation (Allocation Failure)
Event: 26.979 Executing VM operation: ParallelGCFailedAllocation (Allocation Failure) done
Event: 26.987 Executing VM operation: ParallelGCFailedAllocation (Allocation Failure)
Event: 26.989 Executing VM operation: ParallelGCFailedAllocation (Allocation Failure) done
Event: 26.999 Executing VM operation: ParallelGCFailedAllocation (Allocation Failure)
Event: 27.000 Executing VM operation: ParallelGCFailedAllocation (Allocation Failure) done
Event: 27.012 Executing VM operation: ParallelGCFailedAllocation (Allocation Failure)
Event: 27.014 Executing VM operation: ParallelGCFailedAllocation (Allocation Failure) done

Memory protections (0 events):
No events

Nmethod flushes (20 events):
Event: 10.255 Thread 0x0000014f2fdd2b80 flushing  nmethod 0x0000014f1cd7e710
Event: 10.255 Thread 0x0000014f2fdd2b80 flushing  nmethod 0x0000014f1cda7d10
Event: 10.255 Thread 0x0000014f2fdd2b80 flushing osr nmethod 0x0000014f1cdacc90
Event: 10.255 Thread 0x0000014f2fdd2b80 flushing osr nmethod 0x0000014f1cdb0410
Event: 10.255 Thread 0x0000014f2fdd2b80 flushing osr nmethod 0x0000014f1cdef390
Event: 10.255 Thread 0x0000014f2fdd2b80 flushing osr nmethod 0x0000014f1cdf9110
Event: 10.255 Thread 0x0000014f2fdd2b80 flushing  nmethod 0x0000014f1ce03190
Event: 10.255 Thread 0x0000014f2fdd2b80 flushing  nmethod 0x0000014f1ce11c90
Event: 10.255 Thread 0x0000014f2fdd2b80 flushing  nmethod 0x0000014f1ce14e10
Event: 10.255 Thread 0x0000014f2fdd2b80 flushing  nmethod 0x0000014f1ce28310
Event: 10.255 Thread 0x0000014f2fdd2b80 flushing  nmethod 0x0000014f1ce31090
Event: 10.255 Thread 0x0000014f2fdd2b80 flushing  nmethod 0x0000014f1ce49b10
Event: 10.255 Thread 0x0000014f2fdd2b80 flushing  nmethod 0x0000014f1ce4a390
Event: 10.255 Thread 0x0000014f2fdd2b80 flushing  nmethod 0x0000014f1ce4aa90
Event: 10.255 Thread 0x0000014f2fdd2b80 flushing  nmethod 0x0000014f1ce4b410
Event: 10.255 Thread 0x0000014f2fdd2b80 flushing  nmethod 0x0000014f1ce4d310
Event: 10.255 Thread 0x0000014f2fdd2b80 flushing  nmethod 0x0000014f1ce5a810
Event: 10.255 Thread 0x0000014f2fdd2b80 flushing  nmethod 0x0000014f1ce5d790
Event: 10.255 Thread 0x0000014f2fdd2b80 flushing  nmethod 0x0000014f1ce7e990
Event: 10.255 Thread 0x0000014f2fdd2b80 flushing  nmethod 0x0000014f1ce9d890

Events (20 events):
Event: 18.499 Thread 0x0000014f7c586400 Thread exited: 0x0000014f7c586400
Event: 18.499 Thread 0x0000014f7c587120 Thread exited: 0x0000014f7c587120
Event: 19.953 Thread 0x0000014f7cb46ed0 Thread exited: 0x0000014f7cb46ed0
Event: 19.983 Thread 0x0000014f7701e9f0 Thread added: 0x0000014f7cb46ed0
Event: 20.004 Thread 0x0000014f783cd020 Thread added: 0x0000014f7c5849c0
Event: 20.770 Thread 0x0000014f7cb46ed0 Thread exited: 0x0000014f7cb46ed0
Event: 20.786 Thread 0x0000014f7701e9f0 Thread added: 0x0000014f7790ec30
Event: 21.167 Thread 0x0000014f7790ec30 Thread exited: 0x0000014f7790ec30
Event: 21.236 Thread 0x0000014f7701e9f0 Thread added: 0x0000014f7cb46ed0
Event: 22.035 Thread 0x0000014f7cb46ed0 Thread exited: 0x0000014f7cb46ed0
Event: 22.052 Thread 0x0000014f7701e9f0 Thread added: 0x0000014f7cb46ed0
Event: 22.791 Thread 0x0000014f7cb46ed0 Thread exited: 0x0000014f7cb46ed0
Event: 22.910 Thread 0x0000014f7701e9f0 Thread added: 0x0000014f7cb46ed0
Event: 23.570 Thread 0x0000014f7a620680 Thread added: 0x0000014f7c5884d0
Event: 23.875 Thread 0x0000014f7c5884d0 Thread added: 0x0000014f7c586400
Event: 23.892 Thread 0x0000014f7c5884d0 Thread added: 0x0000014f775fc1a0
Event: 23.925 Thread 0x0000014f7cb46ed0 Thread exited: 0x0000014f7cb46ed0
Event: 23.948 Thread 0x0000014f7701df60 Thread added: 0x0000014f7cb46ed0
Event: 24.703 Thread 0x0000014f7cb46ed0 Thread exited: 0x0000014f7cb46ed0
Event: 26.999 Thread 0x0000014f7701e9f0 Thread added: 0x0000014f77add020


Dynamic libraries:
0x00007ff6d5f70000 - 0x00007ff6d5f7e000 	c:\Users\elvia\.vscode\extensions\redhat.java-1.45.0-win32-x64\jre\21.0.8-win32-x86_64\bin\java.exe
0x00007fff0e1e0000 - 0x00007fff0e447000 	C:\WINDOWS\SYSTEM32\ntdll.dll
0x00007fff0bf70000 - 0x00007fff0c039000 	C:\WINDOWS\System32\KERNEL32.DLL
0x00007fff0b310000 - 0x00007fff0b700000 	C:\WINDOWS\System32\KERNELBASE.dll
0x00007fff0b8c0000 - 0x00007fff0ba0b000 	C:\WINDOWS\System32\ucrtbase.dll
0x00007ffebbbe0000 - 0x00007ffebbbfe000 	c:\Users\elvia\.vscode\extensions\redhat.java-1.45.0-win32-x64\jre\21.0.8-win32-x86_64\bin\VCRUNTIME140.dll
0x00007ffebb620000 - 0x00007ffebb638000 	c:\Users\elvia\.vscode\extensions\redhat.java-1.45.0-win32-x64\jre\21.0.8-win32-x86_64\bin\jli.dll
0x00007fff0dfd0000 - 0x00007fff0e195000 	C:\WINDOWS\System32\USER32.dll
0x00007ffef1810000 - 0x00007ffef1aaa000 	C:\WINDOWS\WinSxS\amd64_microsoft.windows.common-controls_6595b64144ccf1df_6.0.26100.4768_none_3e0c112ce331287c\COMCTL32.dll
0x00007fff0b710000 - 0x00007fff0b737000 	C:\WINDOWS\System32\win32u.dll
0x00007fff0c220000 - 0x00007fff0c2c9000 	C:\WINDOWS\System32\msvcrt.dll
0x00007fff0c0c0000 - 0x00007fff0c0eb000 	C:\WINDOWS\System32\GDI32.dll
0x00007fff0bd80000 - 0x00007fff0beb8000 	C:\WINDOWS\System32\gdi32full.dll
0x00007fff0bec0000 - 0x00007fff0bf63000 	C:\WINDOWS\System32\msvcp_win.dll
0x00007fff0c880000 - 0x00007fff0c8af000 	C:\WINDOWS\System32\IMM32.DLL
0x00007ffee0da0000 - 0x00007ffee0dac000 	c:\Users\elvia\.vscode\extensions\redhat.java-1.45.0-win32-x64\jre\21.0.8-win32-x86_64\bin\vcruntime140_1.dll
0x00007ffea25c0000 - 0x00007ffea264d000 	c:\Users\elvia\.vscode\extensions\redhat.java-1.45.0-win32-x64\jre\21.0.8-win32-x86_64\bin\msvcp140.dll
0x00007ffe9fa00000 - 0x00007ffea0797000 	c:\Users\elvia\.vscode\extensions\redhat.java-1.45.0-win32-x64\jre\21.0.8-win32-x86_64\bin\server\jvm.dll
0x00007fff0c160000 - 0x00007fff0c214000 	C:\WINDOWS\System32\ADVAPI32.dll
0x00007fff0dd30000 - 0x00007fff0ddd6000 	C:\WINDOWS\System32\sechost.dll
0x00007fff0c2d0000 - 0x00007fff0c3e8000 	C:\WINDOWS\System32\RPCRT4.dll
0x00007fff0c910000 - 0x00007fff0c984000 	C:\WINDOWS\System32\WS2_32.dll
0x00007fff0b170000 - 0x00007fff0b1ce000 	C:\WINDOWS\SYSTEM32\POWRPROF.dll
0x00007fff04dd0000 - 0x00007fff04e05000 	C:\WINDOWS\SYSTEM32\WINMM.dll
0x00007fff04e10000 - 0x00007fff04e1b000 	C:\WINDOWS\SYSTEM32\VERSION.dll
0x00007fff0b150000 - 0x00007fff0b164000 	C:\WINDOWS\SYSTEM32\UMPDC.dll
0x00007fff09ff0000 - 0x00007fff0a00b000 	C:\WINDOWS\SYSTEM32\kernel.appcore.dll
0x00007ffedee60000 - 0x00007ffedee6a000 	c:\Users\elvia\.vscode\extensions\redhat.java-1.45.0-win32-x64\jre\21.0.8-win32-x86_64\bin\jimage.dll
0x00007fff086f0000 - 0x00007fff08931000 	C:\WINDOWS\SYSTEM32\DBGHELP.DLL
0x00007fff0cc10000 - 0x00007fff0cf95000 	C:\WINDOWS\System32\combase.dll
0x00007fff0c700000 - 0x00007fff0c7e0000 	C:\WINDOWS\System32\OLEAUT32.dll
0x00007ffef1c20000 - 0x00007ffef1c63000 	C:\WINDOWS\SYSTEM32\dbgcore.DLL
0x00007fff0bad0000 - 0x00007fff0bb69000 	C:\WINDOWS\System32\bcryptPrimitives.dll
0x00007ffedea90000 - 0x00007ffedea9f000 	c:\Users\elvia\.vscode\extensions\redhat.java-1.45.0-win32-x64\jre\21.0.8-win32-x86_64\bin\instrument.dll
0x00007ffeaff20000 - 0x00007ffeaff3f000 	c:\Users\elvia\.vscode\extensions\redhat.java-1.45.0-win32-x64\jre\21.0.8-win32-x86_64\bin\java.dll
0x00007fff0cfa0000 - 0x00007fff0d6ed000 	C:\WINDOWS\System32\SHELL32.dll
0x00007fff0bb70000 - 0x00007fff0bce3000 	C:\WINDOWS\System32\wintypes.dll
0x00007fff08ee0000 - 0x00007fff09740000 	C:\WINDOWS\SYSTEM32\windows.storage.dll
0x00007fff0db80000 - 0x00007fff0dc75000 	C:\WINDOWS\System32\SHCORE.dll
0x00007fff0c0f0000 - 0x00007fff0c15a000 	C:\WINDOWS\System32\shlwapi.dll
0x00007fff0b230000 - 0x00007fff0b259000 	C:\WINDOWS\SYSTEM32\profapi.dll
0x00007ffeaf250000 - 0x00007ffeaf268000 	c:\Users\elvia\.vscode\extensions\redhat.java-1.45.0-win32-x64\jre\21.0.8-win32-x86_64\bin\zip.dll
0x00007ffede620000 - 0x00007ffede630000 	C:\Users\elvia\.vscode\extensions\redhat.java-1.45.0-win32-x64\jre\21.0.8-win32-x86_64\bin\net.dll
0x00007fff02540000 - 0x00007fff0265e000 	C:\WINDOWS\SYSTEM32\WINHTTP.dll
0x00007fff0a620000 - 0x00007fff0a68b000 	C:\WINDOWS\system32\mswsock.dll
0x00007ffeaf0c0000 - 0x00007ffeaf0d6000 	C:\Users\elvia\.vscode\extensions\redhat.java-1.45.0-win32-x64\jre\21.0.8-win32-x86_64\bin\nio.dll
0x00007ffed9520000 - 0x00007ffed9530000 	c:\Users\elvia\.vscode\extensions\redhat.java-1.45.0-win32-x64\jre\21.0.8-win32-x86_64\bin\verify.dll
0x00007ffea2b80000 - 0x00007ffea2bc4000 	C:\Users\elvia\AppData\Roaming\Code\User\globalStorage\redhat.java\1.45.0\config_win\org.eclipse.equinox.launcher\org.eclipse.equinox.launcher.win32.win32.x86_64_1.2.1400.v20250801-0854\eclipse_11916.dll
0x00007fff0c990000 - 0x00007fff0cb30000 	C:\WINDOWS\System32\ole32.dll
0x00007fff0a8e0000 - 0x00007fff0a8fb000 	C:\WINDOWS\SYSTEM32\CRYPTSP.dll
0x00007fff0a010000 - 0x00007fff0a04b000 	C:\WINDOWS\system32\rsaenh.dll
0x00007fff0a6c0000 - 0x00007fff0a6eb000 	C:\WINDOWS\SYSTEM32\USERENV.dll
0x00007fff0b200000 - 0x00007fff0b226000 	C:\WINDOWS\SYSTEM32\bcrypt.dll
0x00007fff0a900000 - 0x00007fff0a90c000 	C:\WINDOWS\SYSTEM32\CRYPTBASE.dll
0x00007fff09ab0000 - 0x00007fff09ae3000 	C:\WINDOWS\SYSTEM32\IPHLPAPI.DLL
0x00007fff0c7f0000 - 0x00007fff0c7fa000 	C:\WINDOWS\System32\NSI.dll
0x00007ffea1f60000 - 0x00007ffea1fa9000 	C:\Users\elvia\AppData\Local\Temp\jna-96609799\jna388452950047358656.dll
0x00007fff0cb70000 - 0x00007fff0cb78000 	C:\WINDOWS\System32\PSAPI.DLL
0x00007fff05030000 - 0x00007fff0504f000 	C:\WINDOWS\SYSTEM32\dhcpcsvc6.DLL
0x00007fff05000000 - 0x00007fff05025000 	C:\WINDOWS\SYSTEM32\dhcpcsvc.DLL
0x00007fff0a1c0000 - 0x00007fff0a1f6000 	C:\WINDOWS\SYSTEM32\ntmarta.dll
0x00007ffed5870000 - 0x00007ffed587e000 	C:\Users\elvia\.vscode\extensions\redhat.java-1.45.0-win32-x64\jre\21.0.8-win32-x86_64\bin\sunmscapi.dll
0x00007fff0b740000 - 0x00007fff0b8b7000 	C:\WINDOWS\System32\CRYPT32.dll
0x00007fff0ab00000 - 0x00007fff0ab30000 	C:\WINDOWS\SYSTEM32\ncrypt.dll
0x00007fff0aab0000 - 0x00007fff0aaef000 	C:\WINDOWS\SYSTEM32\NTASN1.dll
0x00007ffea2b50000 - 0x00007ffea2b58000 	C:\WINDOWS\system32\wshunix.dll
0x00007ffed49c0000 - 0x00007ffed49c9000 	C:\Users\elvia\.vscode\extensions\redhat.java-1.45.0-win32-x64\jre\21.0.8-win32-x86_64\bin\extnet.dll
0x00007fff09b50000 - 0x00007fff09c76000 	C:\WINDOWS\SYSTEM32\DNSAPI.dll
0x00007ffeff340000 - 0x00007ffeff34b000 	C:\Windows\System32\rasadhlp.dll
0x00007ffefff90000 - 0x00007fff00016000 	C:\WINDOWS\System32\fwpuclnt.dll

JVMTI agents:
c:\Users\elvia\.vscode\extensions\redhat.java-1.45.0-win32-x64\lombok\lombok-1.18.39-4050.jar path:c:\Users\elvia\.vscode\extensions\redhat.java-1.45.0-win32-x64\jre\21.0.8-win32-x86_64\bin\instrument.dll, loaded, initialized, instrumentlib options:none

dbghelp: loaded successfully - version: 4.0.5 - missing functions: none
symbol engine: initialized successfully - sym options: 0x614 - pdb path: .;c:\Users\elvia\.vscode\extensions\redhat.java-1.45.0-win32-x64\jre\21.0.8-win32-x86_64\bin;C:\WINDOWS\SYSTEM32;C:\WINDOWS\WinSxS\amd64_microsoft.windows.common-controls_6595b64144ccf1df_6.0.26100.4768_none_3e0c112ce331287c;c:\Users\elvia\.vscode\extensions\redhat.java-1.45.0-win32-x64\jre\21.0.8-win32-x86_64\bin\server;C:\Users\elvia\AppData\Roaming\Code\User\globalStorage\redhat.java\1.45.0\config_win\org.eclipse.equinox.launcher\org.eclipse.equinox.launcher.win32.win32.x86_64_1.2.1400.v20250801-0854;C:\Users\elvia\AppData\Local\Temp\jna-96609799

VM Arguments:
jvm_args: --add-modules=ALL-SYSTEM --add-opens=java.base/java.util=ALL-UNNAMED --add-opens=java.base/java.lang=ALL-UNNAMED --add-opens=java.base/sun.nio.fs=ALL-UNNAMED -Declipse.application=org.eclipse.jdt.ls.core.id1 -Dosgi.bundles.defaultStartLevel=4 -Declipse.product=org.eclipse.jdt.ls.core.product -Djava.import.generatesMetadataFilesAtProjectRoot=false -DDetectVMInstallationsJob.disabled=true -Dfile.encoding=utf8 -XX:+UseParallelGC -XX:GCTimeRatio=4 -XX:AdaptiveSizePolicyWeight=90 -Dsun.zip.disableMemoryMapping=true -Xmx2G -Xms100m -Xlog:disable -javaagent:c:\Users\elvia\.vscode\extensions\redhat.java-1.45.0-win32-x64\lombok\lombok-1.18.39-4050.jar -XX:+HeapDumpOnOutOfMemoryError -XX:HeapDumpPath=c:\Users\elvia\AppData\Roaming\Code\User\workspaceStorage\d9b0343f0cd8a68769fed1784d2f9a62\redhat.java -Daether.dependencyCollector.impl=bf 
java_command: c:\Users\elvia\.vscode\extensions\redhat.java-1.45.0-win32-x64\server\plugins\org.eclipse.equinox.launcher_1.7.0.v20250519-0528.jar -configuration c:\Users\elvia\AppData\Roaming\Code\User\globalStorage\redhat.java\1.45.0\config_win -data c:\Users\elvia\AppData\Roaming\Code\User\workspaceStorage\d9b0343f0cd8a68769fed1784d2f9a62\redhat.java\jdt_ws --pipe=\\.\pipe\lsp-8d5e25d82f285820110a4f9e917627f8-sock
java_class_path (initial): c:\Users\elvia\.vscode\extensions\redhat.java-1.45.0-win32-x64\server\plugins\org.eclipse.equinox.launcher_1.7.0.v20250519-0528.jar
Launcher Type: SUN_STANDARD

[Global flags]
    uintx AdaptiveSizePolicyWeight                 = 90                                        {product} {command line}
     intx CICompilerCount                          = 4                                         {product} {ergonomic}
    uintx GCTimeRatio                              = 4                                         {product} {command line}
     bool HeapDumpOnOutOfMemoryError               = true                                   {manageable} {command line}
    ccstr HeapDumpPath                             = c:\Users\elvia\AppData\Roaming\Code\User\workspaceStorage\d9b0343f0cd8a68769fed1784d2f9a62\redhat.java         {manageable} {command line}
   size_t InitialHeapSize                          = 104857600                                 {product} {command line}
   size_t MaxHeapSize                              = 2147483648                                {product} {command line}
   size_t MaxNewSize                               = 715653120                                 {product} {ergonomic}
   size_t MinHeapDeltaBytes                        = 524288                                    {product} {ergonomic}
   size_t MinHeapSize                              = 104857600                                 {product} {command line}
   size_t NewSize                                  = 34603008                                  {product} {ergonomic}
    uintx NonNMethodCodeHeapSize                   = 5839372                                {pd product} {ergonomic}
    uintx NonProfiledCodeHeapSize                  = 122909434                              {pd product} {ergonomic}
   size_t OldSize                                  = 70254592                                  {product} {ergonomic}
    uintx ProfiledCodeHeapSize                     = 122909434                              {pd product} {ergonomic}
    uintx ReservedCodeCacheSize                    = 251658240                              {pd product} {ergonomic}
     bool SegmentedCodeCache                       = true                                      {product} {ergonomic}
   size_t SoftMaxHeapSize                          = 2147483648                             {manageable} {ergonomic}
     bool UseCompressedOops                        = true                           {product lp64_product} {ergonomic}
     bool UseLargePagesIndividualAllocation        = false                                  {pd product} {ergonomic}
     bool UseParallelGC                            = true                                      {product} {command line}

Logging:
Log output configuration:
 #0: stdout all=off uptime,level,tags foldmultilines=false
 #1: stderr all=off uptime,level,tags foldmultilines=false

Environment Variables:
JAVA_HOME=C:\Program Files\Java\jdk-24.0.2
PATH=C:\WINDOWS\system32;C:\WINDOWS;C:\WINDOWS\System32\Wbem;C:\WINDOWS\System32\WindowsPowerShell\v1.0\;C:\WINDOWS\System32\OpenSSH\;C:\Program Files (x86)\Microsoft SQL Server\160\Tools\Binn\;C:\Program Files\Microsoft SQL Server\160\Tools\Binn\;C:\Program Files\Microsoft SQL Server\Client SDK\ODBC\170\Tools\Binn\;C:\Program Files\Microsoft SQL Server\160\DTS\Binn\;C:\Program Files (x86)\Microsoft SQL Server\160\DTS\Binn\;C:\Program Files\nodejs\;C:\xampp\php;C:\Users\elvia\Downloads\apache-maven-3.9.11\bin;C:\Program Files\Java\jdk-17.0.12\bin;C:\Users\elvia\AppData\Local\Microsoft\WindowsApps;C:\Users\elvia\AppData\Local\Programs\Microsoft VS Code\bin;C:\Users\elvia\AppData\Roaming\npm;C:\Program Files\Java\jdk-24.0.2\bin;
USERNAME=elvia
OS=Windows_NT
PROCESSOR_IDENTIFIER=AMD64 Family 25 Model 80 Stepping 0, AuthenticAMD
TMP=C:\Users\elvia\AppData\Local\Temp
TEMP=C:\Users\elvia\AppData\Local\Temp




Periodic native trim disabled

---------------  S Y S T E M  ---------------

OS:
 Windows 11 , 64 bit Build 26100 (10.0.26100.4768)
OS uptime: 4 days 0:44 hours
Hyper-V role detected

CPU: total 12 (initial active 12) (12 cores per cpu, 2 threads per core) family 25 model 80 stepping 0 microcode 0xa500011, cx8, cmov, fxsr, ht, mmx, 3dnowpref, sse, sse2, sse3, ssse3, sse4a, sse4.1, sse4.2, popcnt, lzcnt, tsc, tscinvbit, avx, avx2, aes, erms, clmul, bmi1, bmi2, adx, sha, fma, vzeroupper, clflush, clflushopt, hv, rdtscp, rdpid, fsrm, f16c, cet_ss
Processor Information for the first 12 processors :
  Max Mhz: 2301, Current Mhz: 2301, Mhz Limit: 2301

Memory: 4k page, system-wide physical 7531M (405M free)
TotalPageFile size 16018M (AvailPageFile size 2M)
current process WorkingSet (physical memory assigned to process): 438M, peak: 471M
current process commit charge ("private bytes"): 516M, peak: 1684M

vm_info: OpenJDK 64-Bit Server VM (21.0.8+9-LTS) for windows-amd64 JRE (21.0.8+9-LTS), built on 2025-07-15T00:00:00Z by "admin" with MS VC++ 17.7 (VS2022)

END.
